         w __deregister_frame_info
         w __register_frame_info
         w _ITM_deregisterTMCloneTable
         w _ITM_registerTMCloneTable
         w _Jv_RegisterClasses
00000000 a shift
00000000 a shift
00100000 T __start__
00100000 T _start
00100008 T __service_ptr
0010000c T __apt_appid
00100010 T __heap_size
00100014 T __linear_heap_size
00100018 T __system_arglist
0010001c T __system_runflags
00100020 t startup
00100058 t ClearMem
0010006c t ClrLoop
00100094 T _init
001000ac t deregister_tm_clones
001000dc t register_tm_clones
00100114 t __do_global_dtors_aux
00100158 t frame_dummy
001001b4 00000120 t atlas_add_glyph
001002d4 00000050 t ftc_face_requester
00100324 00000040 T sftd_init
00100364 00000044 T sftd_fini
001003a8 000000e0 T sftd_load_font_file
00100488 000000c4 T sftd_load_font_mem
0010054c 00000050 T sftd_free_font
0010059c 00000228 T sftd_draw_text
001007c4 00000060 T sftd_draw_textf
00100824 00000228 T sftd_draw_wtext
00100a4c 0000006c T sftd_draw_wtextf
00100ab8 000001a8 T sftd_get_text_width
00100c60 000002e0 T sftd_draw_text_wrap
00100f40 000002b8 T sftd_calc_bounding_box
001011f8 00000068 T sftd_draw_textf_wrap
00101260 0000007c T texture_atlas_create
001012dc 0000002c T texture_atlas_free
00101308 00000118 T texture_atlas_insert
00101420 00000018 T texture_atlas_exists
00101438 0000006c T texture_atlas_get
001014a4 0000004c T bp2d_create
001014f0 00000034 T bp2d_free
00101524 00000148 T bp2d_insert
0010166c 00000048 T int_htab_create
001016b4 0000004c T int_htab_free
00101700 000000ec T int_htab_insert
001017ec 00000074 T int_htab_resize
00101860 000000a0 T int_htab_find
00101900 000000a8 T int_htab_erase
001019a8 00000030 T FT_Add_Default_Modules
001019d8 0000006c T FT_Init_FreeType
00101a44 0000002c T FT_Done_FreeType
00101a70 00000078 t destroy_size
00101ae8 00000034 t memory_stream_close
00101b1c 00000024 t ft_raccess_sort_ref_by_id
00101b40 000000e8 t ft_trig_pseudo_polarize
00101c28 00000064 t ft_div64by32.part.2
00101c8c 0000008c t FT_Outline_Done_Internal.part.22
00101d18 000000ec t FT_Stream_New.part.18
00101e04 00000054 t FT_Stream_Skip.part.14
00101e58 000000d4 t FT_MulDiv.constprop.38
00101f2c 000000c4 t raccess_guess_darwin_newvfs
00101ff0 000000b8 t raccess_guess_darwin_hfsplus
001020a8 000000f0 t raccess_guess_vfat
00102198 000000ec t raccess_guess_linux_cap
00102284 00000318 t open_face
0010259c 00000014 T FT_RoundFix
001025b0 00000014 T FT_CeilFix
001025c4 0000000c T FT_FloorFix
001025d0 00000124 T FT_Hypot
001026f4 00000100 T FT_MulDiv
001027f4 000000e0 T FT_MulDiv_No_Round
001028d4 00000020 T FT_MulFix
001028f4 00000110 T FT_DivFix
00102a04 00000130 T FT_Matrix_Multiply
00102b34 000000c4 T FT_Matrix_Invert
00102bf8 00000108 T FT_Matrix_Multiply_Scaled
00102d00 00000258 T FT_Vector_Transform_Scaled
00102f58 000001b4 T FT_Vector_NormLen
0010310c 00000114 T ft_corner_orientation
00103220 00000090 T ft_corner_is_flat
001032b0 00000044 T FT_GlyphLoader_New
001032f4 00000038 T FT_GlyphLoader_Rewind
0010332c 000000ec T FT_GlyphLoader_Reset
00103418 000000f8 t ft_glyphslot_done
00103510 000002b4 t destroy_face
001037c4 00000238 t FT_Remove_Module.part.31
001039fc 00000104 T FT_GlyphLoader_Done
00103b00 000000e0 T FT_GlyphLoader_CreateExtra
00103be0 0000012c T FT_GlyphLoader_CheckSubGlyphs
00103d0c 0000007c T FT_GlyphLoader_Prepare
00103d88 00000234 T FT_GlyphLoader_Add
00103fbc 00000060 T ft_service_list_lookup
0010401c 00000018 T ft_validator_init
00104034 00000008 T ft_validator_run
0010403c 00000014 T ft_validator_error
00104050 00000118 T FT_Stream_New
00104168 00000044 T FT_Stream_Free
001041ac 00000064 T ft_glyphslot_free_bitmap
00104210 00000058 T ft_glyphslot_set_bitmap
00104268 000000b0 T ft_glyphslot_alloc_bitmap
00104318 0000016c T FT_New_GlyphSlot
00104484 00000094 T FT_Done_GlyphSlot
00104518 000000b4 T FT_Set_Transform
001045cc 00000100 T FT_Attach_File
001046cc 00000194 T FT_Attach_Stream
00104860 00000020 T FT_Reference_Face
00104880 000000d4 T FT_Done_Face
00104954 00000180 T FT_New_Size
00104ad4 00000138 T FT_Done_Size
00104c0c 00000130 T FT_Match_Size
00104d3c 00000070 T ft_synthesize_vertical_metrics
00104dac 00000148 T FT_Select_Metrics
00104ef4 00000154 t FT_Request_Size.part.8
00105048 0000038c T FT_Request_Metrics
001053d4 0000006c T FT_Select_Size
00105440 00000090 T FT_Request_Size
001054d0 000000c8 T FT_Set_Char_Size
00105598 000000d4 T FT_Set_Pixel_Sizes
0010566c 00000128 T FT_Get_Kerning
00105794 00000080 T FT_Get_Track_Kerning
00105814 00000110 T FT_Select_Charmap
00105924 000000e8 T FT_Set_Charmap
00105a0c 0000006c T FT_Get_Charmap_Index
00105a78 00000048 T FT_Get_Char_Index
00105ac0 000000c4 T FT_Get_First_Char
00105b84 00000098 T FT_Get_Next_Char
00105c1c 00000110 T FT_Face_GetCharVariantIndex
00105d2c 000000e8 T FT_Face_GetCharVariantIsDefault
00105e14 000000e0 T FT_Face_GetVariantSelectors
00105ef4 000000e8 T FT_Face_GetVariantsOfChar
00105fdc 000000e8 T FT_Face_GetCharsOfVariant
001060c4 000000ac T FT_Get_Name_Index
00106170 000000ec T FT_Get_Glyph_Name
0010625c 00000088 T FT_Get_Postscript_Name
001062e4 0000006c T FT_Get_Sfnt_Table
00106350 00000084 T FT_Load_Sfnt_Table
001063d4 0000008c T FT_Sfnt_Table_Info
00106460 00000080 T FT_Get_CMap_Language_ID
001064e0 0000007c T FT_Get_CMap_Format
0010655c 0000003c T FT_Activate_Size
00106598 00000064 T FT_Lookup_Renderer
001065fc 00000050 T FT_Get_Renderer
0010664c 00000100 T FT_Set_Renderer
0010674c 000000f8 T FT_Render_Glyph_Internal
00106844 00000030 T FT_Render_Glyph
00106874 0000006c T FT_Get_Module
001068e0 00000070 T FT_Get_Module_Interface
00106950 00000084 T ft_module_get_service
001069d4 00000024 T FT_Remove_Module
001069f8 000000f4 T FT_Property_Set
00106aec 000000f4 T FT_Property_Get
00106be0 0000001c T FT_Reference_Library
00106bfc 0000007c T FT_New_Library
00106c78 00000038 T FT_Library_Version
00106cb0 000001cc T FT_Done_Library
00106e7c 0000002c T FT_Set_Debug_Hook
00106ea8 000000d4 T FT_Get_TrueType_Engine_Type
00106f7c 00000094 T FT_Get_SubGlyph_Info
00107010 00000410 T FT_Outline_Decompose
00107420 000000a8 T FT_Outline_Check
001074c8 000000a8 T FT_Outline_Copy
00107570 000000ac T FT_Outline_Done_Internal
0010761c 000000c0 T FT_Outline_Done
001076dc 0000009c T FT_Outline_Get_CBox
00107778 00000054 T FT_Outline_Translate
001077cc 000000cc T FT_Outline_Reverse
00107898 000000d0 T FT_Outline_Render
00107968 000000dc T FT_Outline_Get_Bitmap
00107a44 000000a8 T FT_Vector_Transform
00107aec 000000e8 T FT_Outline_Transform
00107bd4 000006b4 t FT_Load_Glyph.part.20
00108288 00000020 T FT_Load_Glyph
001082a8 0000039c t FT_Get_Advances.part.21
00108644 00000078 T FT_Get_Advances
001086bc 00000300 T FT_Get_Advance
001089bc 00000064 T FT_Load_Char
00108a20 0000014c T FT_Outline_Get_Orientation
00108b6c 000003e4 T FT_Outline_EmboldenXY
00108f50 00000008 T FT_Outline_Embolden
00108f58 00000118 T FT_Raccess_Guess
00109070 00000024 T FT_Get_Sfnt_Name_Count
00109094 00000018 T FT_Stream_OpenMemory
001090ac 00000018 T FT_Stream_Close
001090c4 0000004c T FT_Stream_Seek
00109110 00000064 T FT_Stream_Skip
00109174 00000008 T FT_Stream_Pos
0010917c 00000084 T FT_Stream_Read
00109200 00000080 T FT_Stream_ReadAt
00109280 00000070 T FT_Stream_TryRead
001092f0 00000140 T FT_Stream_ExtractFrame
00109430 00000040 T FT_Stream_ReleaseFrame
00109470 00000120 T FT_Stream_EnterFrame
00109590 00000044 T FT_Stream_ExitFrame
001095d4 00000024 T FT_Stream_GetChar
001095f8 00000030 T FT_Stream_GetUShort
00109628 00000030 T FT_Stream_GetUShortLE
00109658 0000003c T FT_Stream_GetUOffset
00109694 00000044 T FT_Stream_GetULong
001096d8 00000044 T FT_Stream_GetULongLE
0010971c 00000090 T FT_Stream_ReadChar
001097ac 00000098 T FT_Stream_ReadUShort
00109844 00000270 T FT_Raccess_Get_HeaderInfo
00109ab4 00000098 T FT_Stream_ReadUShortLE
00109b4c 000000a4 T FT_Stream_ReadUOffset
00109bf0 000000ac T FT_Stream_ReadULong
00109c9c 000001fc t raccess_guess_apple_generic.isra.15
00109e98 000001a4 t raccess_guess_linux_netatalk
0010a03c 0000018c t raccess_guess_darwin_ufs_export
0010a1c8 00000184 t raccess_guess_linux_double
0010a34c 00000210 t raccess_guess_apple_single
0010a55c 00000210 t raccess_guess_apple_double
0010a76c 000000ac T FT_Stream_ReadULongLE
0010a818 00000274 T FT_Stream_ReadFields
0010aa8c 000000cc T FT_Cos
0010ab58 000000cc T FT_Sin
0010ac24 000000d8 T FT_Tan
0010acfc 00000068 T FT_Atan2
0010ad64 000000e8 T FT_Vector_Unit
0010ae4c 00000248 T FT_Vector_Rotate
0010b094 00000148 T FT_Vector_Length
0010b1dc 00000150 T FT_Vector_Polarize
0010b32c 00000234 T FT_Vector_From_Polar
0010b560 0000003c T FT_Angle_Diff
0010b59c 00000060 T ft_mem_alloc
0010b5fc 00000310 T FT_Add_Module
0010b90c 00000044 T ft_mem_qalloc
0010b950 00000104 T ft_mem_realloc
0010ba54 00000228 T FT_GlyphLoader_CheckPoints
0010bc7c 00000134 T FT_CMap_Done
0010bdb0 0000016c T FT_CMap_New
0010bf1c 00000164 T FT_Outline_New_Internal
0010c080 0000057c T FT_Raccess_Get_DataOffsets
0010c5fc 000009d8 t IsMacResource
0010cfd4 00000928 T FT_Open_Face
0010d8fc 00000040 T FT_New_Face
0010d93c 00000050 T FT_New_Memory_Face
0010d98c 00000158 t open_face_from_buffer
0010dae4 000005b8 t open_face_PS_from_sfnt_stream.isra.29
0010e09c 00000150 T FT_Get_Sfnt_Name
0010e1ec 00000144 T FT_Outline_New
0010e330 00000368 T FT_GlyphLoader_CopyPoints
0010e698 00000120 T ft_mem_qrealloc
0010e7b8 00000010 T ft_mem_free
0010e7c8 00000070 T ft_mem_dup
0010e838 0000008c T ft_mem_strdup
0010e8c4 00000064 T ft_mem_strcpyn
0010e928 00000044 T FT_List_Find
0010e96c 00000034 T FT_List_Add
0010e9a0 00000034 T FT_List_Insert
0010e9d4 00000030 T FT_List_Remove
0010ea04 00000044 T FT_List_Up
0010ea48 00000054 T FT_List_Iterate
0010ea9c 00000090 T FT_List_Finalize
0010eb2c 00000034 t tt_get_kerning
0010eb60 0000011c t tt_face_get_location
0010ec7c 00000090 t TT_Load_Glyph_Header
0010ed0c 00000020 t tt_size_init
0010ed2c 00000010 t tt_driver_init
0010ed3c 00000004 t tt_driver_done
0010ed40 00000008 t Current_Ppem
0010ed48 0000000c t Read_CVT
0010ed54 0000000c t Write_CVT
0010ed60 00000014 t Move_CVT
0010ed74 00000024 t Direct_Move_X
0010ed98 00000028 t Direct_Move_Y
0010edc0 00000014 t Direct_Move_Orig_X
0010edd4 00000018 t Direct_Move_Orig_Y
0010edec 00000018 t Round_None
0010ee04 000000f0 t SetSuperRound
0010eef4 00000044 t Project
0010ef38 00000044 t Dual_Project
0010ef7c 00000008 t Project_x
0010ef84 00000008 t Project_y
0010ef8c 0000017c t Compute_Funcs
0010f108 00000058 t Ins_WCVTF
0010f160 000000a0 t Ins_NPUSHW
0010f200 0000019c t Ins_MD
0010f39c 000002cc t Ins_MIRP
0010f668 00000114 t Ins_ALIGNRP
0010f77c 000000b0 t Ins_ALIGNPTS
0010f82c 00000124 t Ins_DELTAP
0010f950 00000048 t TT_Access_Glyph_Frame
0010f998 00000008 t TT_Forget_Glyph_Frame
0010f9a0 0000007c t Direct_Move_Orig
0010fa1c 0000009c t Direct_Move
0010fab8 000002ac t Ins_ISECT
0010fd64 00000168 t Compute_Point_Displacement
0010fecc 000000d4 t Move_CVT_Stretched
0010ffa0 000004cc t TT_Load_Simple_Glyph
0011046c 0000000c t tt_slot_init
00110478 00000170 t tt_face_done
001105e8 0000048c t TT_Get_MM_Var
00110a74 000002bc t TT_Load_Composite_Glyph
00110d30 0000002c t tt_property_get
00110d5c 00000048 t tt_property_set
00110da4 0000002c t Round_To_Grid
00110dd0 00000038 t Round_To_Half_Grid
00110e08 00000024 t Round_Down_To_Grid
00110e2c 0000002c t Round_Up_To_Grid
00110e58 0000002c t Round_To_Double_Grid
00110e84 0000006c t Round_Super
00110ef0 00000068 t Round_Super_45
00110f58 00000064 t Ins_JMPR.isra.18
00110fbc 00000060 t Ins_SZP0.isra.42
0011101c 00000060 t Ins_SZP1.isra.43
0011107c 00000060 t Ins_SZP2.isra.44
001110dc 000000b8 t Ins_SZPS.isra.45
00111194 0000027c t Ins_MDRP.isra.49
00111410 00000188 t _iup_worker_interpolate
00111598 000000fc t ft_var_apply_tuple.isra.54
00111694 000008d8 t TT_Vary_Apply_Glyph_Deltas
00111f6c 000004b8 t tt_face_vary_cvt
00112424 000000fc t tt_face_load_cvt
00112520 0000054c t TT_Set_MM_Blend
00112a6c 000004a4 t TT_Set_Var_Design
00112f10 00000d8c t tt_face_init
00113c9c 00000074 t tt_get_interface
00113d10 0000006c t Ins_MINDEX.isra.59
00113d7c 00000030 t Ins_DIV.isra.60
00113dac 0000014c t tt_get_advances
00113ef8 000000f0 t Ins_SxVTL
00113fe8 00000140 t tt_get_metrics
00114128 000000b4 t Ins_ELSE
001141dc 000000e0 t Ins_IF.isra.17
001142bc 00000138 t Ins_SHP
001143f4 000000c4 t Current_Ppem_Stretched
001144b8 000000c8 t Read_CVT_Stretched
00114580 000000cc t Write_CVT_Stretched
0011464c 00000178 t tt_size_done
001147c4 000001d8 t tt_size_select
0011499c 00000414 t tt_size_request
00114db0 000001b8 t Ins_SHC.isra.55
00114f68 00000140 t Ins_CALL.isra.20
001150a8 00003014 T TT_RunIns
001180bc 00001324 t load_truetype_glyph
001193e0 0000012c T TT_New_Context
0011950c 000016bc t tt_glyph_load
0011abc8 000000e8 t T1_Get_Multi_Master
0011acb0 000000bc t T1_Set_MM_Blend
0011ad6c 0000002c t parse_buildchar
0011ad98 00000010 t parse_private
0011ada8 00000010 t T1_GlyphSlot_Done
0011adb8 00000008 t T1_Driver_Init
0011adc0 00000004 t T1_Driver_Done
0011adc4 00000008 t t1_get_ps_name
0011adcc 00000024 t t1_ps_get_font_info
0011adf0 00000010 t t1_ps_get_font_extra
0011ae00 00000008 t t1_ps_has_glyph_names
0011ae08 00000020 t t1_ps_get_font_private
0011ae28 00000030 t compare_kern_pairs
0011ae58 0000004c t T1_GlyphSlot_Init
0011aea4 0000050c t t1_allocate_blend
0011b3b0 00000118 t parse_weight_vector
0011b4c8 00000174 t parse_blend_design_positions
0011b63c 000001b8 t parse_blend_design_map
0011b7f4 000004ac t parse_encoding
0011bca0 00000620 t T1_Load_Glyph
0011c2c0 0000005c t t1_get_name_index
0011c31c 0000012c t parse_blend_axis_types
0011c448 00000774 t t1_ps_get_font_value
0011cbbc 00000108 t t1_parse_font_matrix
0011ccc4 0000000c t Get_Interface
0011ccd0 000000cc t T1_Get_Track_Kerning
0011cd9c 00000020 t t1_get_glyph_name
0011cdbc 000000b8 t Get_Kerning
0011ce74 000000a0 t T1_Size_Request
0011cf14 00000098 t t1_get_index
0011cfac 00000174 t T1_Done_Blend.isra.4
0011d120 00000198 t T1_Face_Done
0011d2b8 00000440 t T1_Read_Metrics
0011d6f8 00000604 t T1_Get_MM_Var
0011dcfc 00000084 t T1_Size_Init
0011dd80 0000006c t T1_Size_Done
0011ddec 000000e0 t check_type1_format
0011decc 00000320 t parse_subrs
0011e1ec 00000180 t T1_Parse_Glyph
0011e36c 00000264 t T1_Compute_Max_Advance
0011e5d0 00000734 t parse_charstrings
0011ed04 0000027c t T1_Get_Advances
0011ef80 000001e0 t T1_Set_MM_Design
0011f160 00000068 t T1_Set_Var_Design
0011f1c8 00000664 t parse_dict
0011f82c 00000b4c t T1_Open_Face
00120378 0000044c t T1_Face_Init
001207c4 00000034 t cff_get_kerning
001207f8 00000014 t cff_ps_has_glyph_names
0012080c 00000034 t cff_get_is_cid
00120840 00000050 t cff_get_cid_from_glyph_index
00120890 00000010 t cff_slot_done
001208a0 00000060 t cff_driver_init
00120900 00000004 t cff_driver_done
00120904 0000001c t cff_cmap_encoding_init
00120920 0000000c t cff_cmap_encoding_done
0012092c 00000018 t cff_cmap_encoding_char_index
00120944 00000068 t cff_cmap_encoding_char_next
001209ac 00000054 t cff_cmap_unicode_init
00120a00 00000014 t cff_cmap_unicode_char_index
00120a14 00000014 t cff_cmap_unicode_char_next
00120a28 00000004 t cf2_free_instance
00120a2c 00000130 t cf2_hintmap_map
00120b5c 000002a4 t cf2_hintmap_insertHint
00120e00 00000050 t cff_slot_init
00120e50 000003c4 t cff_parse_real
00121214 00000028 t cff_cmap_unicode_done
0012123c 00000090 t cff_get_cmap_info
001212cc 00000060 t cff_get_ps_name
0012132c 000000bc t cff_get_name_index
001213e8 00000060 t cff_index_get_sid_string
00121448 00000134 t cff_size_select
0012157c 000001c0 t cf2_hint_init.isra.47
0012173c 00000228 t cf2_computeDarkening.part.60
00121964 000000b4 t cff_property_get
00121a18 00000124 t cff_property_set
00121b3c 00000064 t cff_get_interface
00121ba0 00000124 t cff_builder_start_point.part.56
00121cc4 000000e0 t cf2_builder_lineTo
00121da4 00000160 t cf2_builder_cubeTo
00121f04 000000f4 t cff_parse_num
00121ff8 00000144 t do_fixed
0012213c 00000084 t cff_parse_font_bbox
001221c0 000000d4 t cf2_builder_moveTo
00122294 00000074 t cff_sid_to_glyph_name
00122308 0000009c t cff_get_glyph_name
001223a4 00000128 t cff_parse_private_dict
001224cc 000002e0 t cff_parse_cid_ros
001227ac 000002a4 t cff_parse_font_matrix
00122a50 00000210 t cf2_glyphpath_hintPoint
00122c60 0000053c t cf2_glyphpath_pushPrevElem
0012319c 0000012c t cff_get_ros
001232c8 00000b54 t cff_size_init
00123e1c 00000090 t cff_size_done
00123eac 0000017c t cff_size_request
00124028 00000368 t cff_face_done
00124390 00000e58 t cf2_hintmap_build
001251e8 000004a8 t cf2_glyphpath_lineTo
00125690 000006e4 t cf2_glyphpath_curveTo
00125d74 0000031c t cf2_doStems.isra.61.constprop.76
00126090 00000b64 t cf2_doFlex
00126bf4 00000990 t cf2_glyphpath_closeOpenPath.part.62
00127584 00000254 t cff_index_access_element
001277d8 00000118 t cf2_getSeacComponent.isra.52
001278f0 000002a4 t cff_index_get_name
00127b94 00001790 t cff_face_init
00129324 00000288 t cff_ps_get_font_info
001295ac 0000373c t cf2_interpT2CharString
0012cce8 00000c20 t cf2_decoder_parse_charstrings
0012d908 00000ce0 t cff_slot_load
0012e5e8 00000050 t cff_glyph_load
0012e638 000002b4 t cff_get_advances
0012e8ec 00000054 t parse_expansion_factor
0012e940 00000010 t cid_slot_done
0012e950 00000008 t cid_driver_init
0012e958 00000004 t cid_driver_done
0012e95c 0000001c t cid_get_postscript_name
0012e978 00000024 t cid_ps_get_font_info
0012e99c 00000014 t cid_ps_get_font_extra
0012e9b0 0000002c t cid_get_ros
0012e9dc 00000014 t cid_get_is_cid
0012e9f0 00000010 t cid_get_cid_from_glyph_index
0012ea00 0000004c t cid_slot_init
0012ea4c 000003ec t cid_load_glyph
0012ee38 000003ec t cid_slot_load_glyph
0012f224 00000150 t cid_face_done
0012f374 00000130 t cid_parse_font_matrix
0012f4a4 000000a4 t parse_fd_array
0012f548 0000000c t cid_get_interface
0012f554 0000007c t cid_size_request
0012f5d0 00000eb0 t cid_face_init
00130480 0000006c t cid_size_done
001304ec 00000090 t cid_size_init
0013057c 00000060 t pfr_cmap_init
001305dc 00000010 t pfr_cmap_done
001305ec 00000074 t pfr_cmap_char_index
00130660 0000009c t pfr_cmap_char_next
001306fc 00000298 t pfr_face_get_kerning
00130994 000000c8 t pfr_extra_item_load_stem_snaps
00130a5c 00000220 t pfr_extra_item_load_bitmap_info
00130c7c 00000050 t pfr_slot_done
00130ccc 000000fc t pfr_face_done
00130dc8 0000003c t pfr_slot_init
00130e04 00000190 t pfr_extra_item_load_kerning_pairs
00130f94 00000078 t pfr_extra_item_load_font_id
0013100c 000000ec t pfr_aux_name_load
001310f8 0000000c t pfr_get_service
00131104 0000007c t pfr_get_metrics
00131180 00000048 t pfr_get_advance
001311c8 00000cc8 t pfr_glyph_load_rec
00131e90 00000a5c t pfr_slot_load
001328ec 000002d8 t pfr_get_kerning
00132bc4 00000cd0 t pfr_face_init
00133894 00000004 t T42_Driver_Done
00133898 00000008 t t42_get_ps_font_name
001338a0 00000024 t t42_ps_get_font_info
001338c4 00000010 t t42_ps_get_font_extra
001338d4 00000008 t t42_ps_has_glyph_names
001338dc 00000020 t t42_ps_get_font_private
001338fc 00000054 t T42_Size_Select
00133950 00000054 t T42_Size_Request
001339a4 00000008 t T42_GlyphSlot_Done
001339ac 0000004c t T42_GlyphSlot_Init
001339f8 00000038 t T42_Size_Done
00133a30 00000038 t T42_Size_Init
00133a68 00000128 t T42_Face_Done
00133b90 00000030 t T42_Driver_Init
00133bc0 00000074 t t42_get_name_index
00133c34 00000488 t t42_parse_sfnts
001340bc 000000f8 t t42_parse_font_matrix
001341b4 0000000c t T42_Get_Interface
001341c0 00000020 t t42_get_glyph_name
001341e0 00000494 t t42_parse_charstrings
00134674 00000450 t t42_parse_encoding
00134ac4 00000154 t T42_GlyphSlot_Load
00134c18 00000ad4 t T42_Face_Init
001356ec 0000002c t fnt_cmap_init
00135718 0000001c t fnt_cmap_char_index
00135734 0000003c t fnt_cmap_char_next
00135770 00000020 t winfnt_get_header
00135790 00000048 t FNT_Size_Select
001357d8 0000021c t FNT_Load_Glyph
001359f4 0000000c t winfnt_get_service
00135a00 000000c4 t FNT_Size_Request
00135ac4 00000078 t FNT_Face_Done
00135b3c 000000c4 t fnt_font_load
00135c00 00000bd0 t FNT_Face_Init
001367d0 00000020 t pcf_cmap_init
001367f0 00000010 t pcf_cmap_done
00136800 00000080 t pcf_cmap_char_index
00136880 00000090 t pcf_cmap_char_next
00136910 0000001c t pcf_get_charset_id
0013692c 00000044 t PCF_Size_Select
00136970 000002cc t PCF_Glyph_Load
00136c3c 00000144 t PCF_Face_Done
00136d80 0000000c t pcf_driver_requester
00136d8c 00000074 t pcf_find_property.isra.1
00136e00 00000094 t pcf_get_metric
00136e94 000000c8 t PCF_Size_Request
00136f5c 000000a0 t pcf_get_bdf_property
00136ffc 000001f8 t pcf_get_accel
001371f4 000015d0 t pcf_load_font
001387c4 000001bc t PCF_Face_Init
00138980 00000024 t by_encoding
001389a4 00000024 t bdf_cmap_init
001389c8 00000010 t bdf_cmap_done
001389d8 00000084 t bdf_cmap_char_index
00138a5c 00000098 t bdf_cmap_char_next
00138af4 0000001c t bdf_get_charset_id
00138b10 00000044 t BDF_Size_Select
00138b54 0000013c t BDF_Glyph_Load
00138c90 0000000c t bdf_driver_requester
00138c9c 000000e0 t _bdf_atos.constprop.8
00138d7c 000000b8 t _bdf_atous.constprop.9
00138e34 000000dc t _bdf_atol.constprop.10
00138f10 000000c0 t _bdf_atoul.constprop.11
00138fd0 000000cc t BDF_Size_Request
0013909c 00000310 t bdf_free_font
001393ac 00000094 t BDF_Face_Done
00139440 00000454 t _bdf_list_split
00139894 000000e0 t bdf_get_font_property
00139974 00000100 t bdf_get_bdf_property
00139a74 00000eec t BDF_Face_Init
0013a960 00000f14 t _bdf_parse_glyphs
0013b874 00000274 t hash_insert
0013bae8 00000ac0 t _bdf_add_property.isra.5
0013c5a8 00000f64 t _bdf_parse_start
0013d50c 00000684 t _bdf_parse_properties
0013db90 0000000c t tt_cmap_init
0013db9c 00000018 t tt_cmap0_char_index
0013dbb4 0000003c t tt_cmap0_char_next
0013dbf0 00000024 t tt_cmap0_get_info
0013dc14 00000158 t tt_cmap2_char_next
0013dd6c 00000024 t tt_cmap2_get_info
0013dd90 00000038 t tt_cmap4_init
0013ddc8 0000014c t tt_cmap4_set_range
0013df14 000000e0 t tt_cmap4_next
0013dff4 000005ec t tt_cmap4_char_map_binary
0013e5e0 00000024 t tt_cmap4_get_info
0013e604 00000044 t tt_cmap6_char_index
0013e648 000000c4 t tt_cmap6_char_next
0013e70c 00000024 t tt_cmap6_get_info
0013e730 000000d8 t tt_cmap8_char_index
0013e808 00000188 t tt_cmap8_char_next
0013e990 00000038 t tt_cmap8_get_info
0013e9c8 0000007c t tt_cmap10_char_index
0013ea44 000000d8 t tt_cmap10_char_next
0013eb1c 00000038 t tt_cmap10_get_info
0013eb54 0000003c t tt_cmap12_init
0013eb90 00000140 t tt_cmap12_next
0013ecd0 000001c0 t tt_cmap12_char_map_binary
0013ee90 00000024 t tt_cmap12_char_index
0013eeb4 00000038 t tt_cmap12_get_info
0013eeec 0000003c t tt_cmap13_init
0013ef28 000000f0 t tt_cmap13_next
0013f018 000001a0 t tt_cmap13_char_map_binary
0013f1b8 00000024 t tt_cmap13_char_index
0013f1dc 00000038 t tt_cmap13_get_info
0013f214 00000040 t tt_cmap14_init
0013f254 00000008 t tt_cmap14_char_index
0013f25c 0000000c t tt_cmap14_char_next
0013f268 00000014 t tt_cmap14_get_info
0013f27c 0000000c t tt_get_cmap_info
0013f288 00000214 t tt_face_get_kerning
0013f49c 0000002c t compare_offsets
0013f4c8 000000a0 t get_sfnt_table
0013f568 000002f8 t tt_sbit_decoder_load_byte_aligned
0013f860 00000268 t tt_sbit_decoder_load_bit_aligned
0013fac8 0000025c t tt_cmap2_validate
0013fd24 00000480 t tt_cmap4_validate
001401a4 000000c8 t tt_cmap6_validate
0014026c 0000031c t tt_cmap8_validate
00140588 000000f0 t tt_cmap10_validate
00140678 00000200 t tt_cmap12_validate
00140878 000001f0 t tt_cmap13_validate
00140a68 000003b8 t tt_cmap14_validate
00140e20 000000b8 t tt_name_entry_ascii_from_other
00140ed8 000000d0 t tt_name_entry_ascii_from_utf16
00140fa8 00000038 t tt_cmap14_done
00140fe0 000000cc t tt_face_free_ps_names
001410ac 00000080 t tt_face_free_name
0014112c 00000028 t sfnt_stream_close
00141154 0000000c t sfnt_get_interface
00141160 00000258 t tt_face_load_kern
001413b8 00000028 t tt_face_free_sbit
001413e0 000001ac t sfnt_done_face
0014158c 00000060 t tt_face_goto_table
001415ec 00000068 t tt_face_load_hmtx
00141654 0000016c t tt_face_get_metrics
001417c0 0000013c t tt_face_load_gasp
001418fc 000002a0 t tt_face_get_name
00141b9c 000000ac t tt_face_load_any
00141c48 0000000c t tt_face_set_sbit_strike
00141c54 000002a4 t tt_face_load_sbit
00141ef8 00000044 t tt_face_load_pclt
00141f3c 000001a8 t tt_face_load_name
001420e4 00000044 t tt_face_load_post
00142128 000000f4 t tt_face_load_maxp
0014221c 00000080 t tt_face_load_hhea
0014229c 0000029c t tt_face_build_cmaps
00142538 00000b14 t sfnt_load_face
0014304c 000002a0 t tt_cmap4_char_next
001432ec 0000005c t tt_cmap12_char_next
00143348 0000005c t tt_cmap13_char_next
001433a4 00000078 t sfnt_table_info
0014341c 000000b0 t tt_cmap0_validate
001434cc 0000004c t tt_face_load_cmap
00143518 000001f4 t tt_face_load_strike_metrics
0014370c 00000500 t load_post_names
00143c0c 00000180 t sfnt_get_glyph_name
00143d8c 00000270 t sfnt_get_ps_name
00143ffc 000003d8 t tt_face_load_font_dir
001443d4 000000f8 t tt_face_load_os2
001444cc 00000b64 t sfnt_init_face
00145030 00000044 t tt_face_load_head
00145074 00000044 t tt_face_load_bhed
001450b8 000000fc t tt_cmap2_char_index
001451b4 000003cc t tt_face_find_bdf_prop
00145580 000000c0 t tt_cmap14_variants
00145640 000000e0 t tt_cmap14_get_nondef_chars
00145720 0000016c t tt_face_get_ps_name
0014588c 00000130 t tt_cmap14_get_def_chars
001459bc 0000045c t tt_cmap14_variant_chars
00145e18 000001b4 t sfnt_get_name_index
00145fcc 00000194 t tt_cmap4_char_index
00146160 000002b8 t tt_cmap14_char_var_isdefault
00146418 00000308 t tt_cmap14_char_variants
00146720 000002cc t tt_cmap14_char_var_index
001469ec 000003a0 t sfnt_get_charset_id
00146d8c 000008a8 t tt_sbit_decoder_load_image
00147634 0000044c t tt_face_load_sbit_image
00147a80 00000124 t tt_sbit_decoder_load_compound
00147ba4 000001e4 t af_sort_and_quantize_widths
00147d88 00000038 t af_dummy_hints_init
00147dc0 00000294 t af_latin_hints_link_segments
00148054 0000009c t af_latin_hints_init
001480f0 0000008c t af_cjk_hints_init
0014817c 00000020 t af_autofitter_init
0014819c 00000004 t af_autofitter_done
001481a0 00000800 t af_glyph_hints_reload
001489a0 000005f0 t af_latin_hints_compute_segments
00148f90 000001b8 t af_axis_hints_new_edge
00149148 0000009c t af_face_globals_free
001491e4 0000000c t af_get_interface
001491f0 0000030c t af_cjk_metrics_scale
001494fc 00000004 t af_indic_metrics_scale
00149500 000003d0 t af_latin_metrics_scale
001498d0 0000008c t af_indic_hints_init
0014995c 000003f0 t af_cjk_metrics_init_widths
00149d4c 00000094 t af_dummy_hints_apply
00149de0 000003f0 t af_latin_metrics_init_widths
0014a1d0 000000ec t af_indic_metrics_init
0014a2bc 000009cc t af_latin_metrics_init_blues
0014ac88 000000f0 t af_latin_metrics_init
0014ad78 00000524 t af_cjk_metrics_init_blues
0014b29c 000000f0 t af_cjk_metrics_init
0014b38c 0000037c t af_face_globals_new
0014b708 000007fc t af_autofitter_load_glyph
0014bf04 0000015c t af_property_set
0014c060 00000194 t af_property_get
0014c1f4 0000231c t af_latin_hints_apply
0014e510 00002358 t af_cjk_hints_apply
00150868 00000004 t af_indic_hints_apply
0015086c 00000008 T af_get_coverage
00150874 0000003c T af_get_char_index
001508b0 0000002c t t1_hints_open
001508dc 0000002c t t2_hints_open
00150908 00000008 t pshinter_get_globals_funcs
00150910 00000008 t pshinter_get_t1_funcs
00150918 00000008 t pshinter_get_t2_funcs
00150920 000000fc t ps_hinter_init
00150a1c 0000002c t psh_globals_destroy
00150a48 00000130 t psh_blues_set_zones_0.isra.5
00150b78 000001b0 t psh_blues_set_zones
00150d28 00000270 t psh_globals_new
00150f98 00000138 t psh_hint_table_activate_mask.isra.9
001510d0 0000031c t psh_hint_table_find_strong_points.isra.12
001513ec 000003a0 t ps_mask_table_merge_all
0015178c 00000620 t psh_hint_align
00151dac 00000078 t ps_hints_close
00151e24 00000194 t ps_hints_t1reset
00151fb8 000001d4 t ps_hinter_done
0015218c 00000370 t psh_hint_table_init.isra.14
001524fc 0000022c t ps_dimension_set_mask_bits
00152728 00000090 t ps_hints_t2counter
001527b8 0000008c t ps_hints_t2mask
00152844 00000240 t ps_dimension_add_t1stem.constprop.30
00152a84 0000024c t t2_hints_stems
00152cd0 00000064 t t1_hints_stem
00152d34 0000067c t ps_hints_t1stem3
001533b0 00000490 t psh_globals_set_scale
00153840 00001478 T ps_hints_apply
00154cb8 00000088 t Split_Conic
00154d40 000000e8 t Split_Cubic
00154e28 00000034 t Vertical_Sweep_Init
00154e5c 00000110 t Vertical_Sweep_Span
00154f6c 000001a8 t Vertical_Sweep_Drop
00155114 00000014 t Vertical_Sweep_Step
00155128 00000004 t Horizontal_Sweep_Init
0015512c 00000088 t Horizontal_Sweep_Span
001551b4 000001e0 t Horizontal_Sweep_Drop
00155394 00000004 t Horizontal_Sweep_Step
00155398 00000004 t ft_black_reset
0015539c 00000008 t ft_black_set_mode
001553a4 0000002c t ft_raster1_init
001553d0 00000014 t ft_raster1_set_mode
001553e4 0000000c t ft_black_done
001553f0 00000268 t ft_black_render
00155658 00000040 t ft_black_new
00155698 00000040 t ft_raster1_get_cbox
001556d8 000001f0 t ft_raster1_render
001558c8 00000054 t ft_raster1_transform
0015591c 00000184 t gray_hline
00155aa0 00000004 t gray_raster_reset
00155aa4 00000008 t gray_raster_set_mode
00155aac 0000002c t ft_smooth_init
00155ad8 00000014 t ft_smooth_set_mode
00155aec 0000000c t gray_raster_done
00155af8 000000d8 t gray_render_span
00155bd0 00000040 t gray_raster_new
00155c10 00000040 t ft_smooth_get_cbox
00155c50 00000334 t ft_smooth_render_lcd_v
00155f84 00000138 t gray_convert_glyph_inner
001560bc 000006e8 t gray_raster_render
001567a4 00000054 t ft_smooth_transform
001567f8 00000144 t gray_set_cell
0015693c 000003d0 t gray_render_scanline
00156d0c 00000178 t gray_move_to
00156e84 0000061c t gray_render_line
001574a0 000002e4 t gray_cubic_to
00157784 000001ac t gray_conic_to
00157930 00000024 t gray_line_to
00157954 000002bc t ft_smooth_render
00157c10 00000348 t ft_smooth_render_lcd
00157f58 00000014 t ftc_size_node_compare_faceid
00157f6c 00000014 t ftc_face_node_compare
00157f80 00000008 t ftc_cmap_node_weight
00157f88 00000020 t ftc_cmap_node_remove_faceid
00157fa8 00000034 t ftc_gnode_compare
00157fdc 00000068 t ftc_inode_weight
00158044 00000048 t ftc_snode_weight
0015808c 000000a0 t ftc_basic_family_compare
0015812c 00000040 t ftc_basic_family_init
0015816c 00000064 t ftc_cmap_node_new
001581d0 000001a8 t FTC_MruList_New
00158378 00000010 t ftc_cmap_node_free
00158388 00000010 t ftc_size_node_done
00158398 000001b0 t ftc_cache_resize
00158548 00000104 t ftc_node_destroy
0015864c 00000124 t ftc_cache_done
00158770 00000048 t ftc_cache_init
001587b8 00000050 t ftc_cmap_node_compare
00158808 00000094 t ftc_size_node_compare
0015889c 00000048 t ftc_face_node_init
001588e4 00000088 t ftc_gcache_init
0015896c 00000248 t FTC_Cache_NewNode
00158bb4 000000c0 t ftc_basic_family_get_count
00158c74 00000174 t ftc_size_node_reset
00158de8 00000160 t ftc_basic_family_load_bitmap
00158f48 00000190 t ftc_basic_family_load_glyph
001590d8 00000168 t ftc_size_node_init
00159240 0000007c t ftc_gcache_done
001592bc 000003f0 t ftc_snode_new
001596ac 00000320 t ftc_snode_compare
001599cc 000000d0 t ftc_inode_free
00159a9c 000000c0 t ftc_basic_gnode_compare_faceid
00159b5c 00000140 t ftc_face_node_done
00159c9c 000000e8 t ftc_snode_free
00159d84 00000148 t ftc_inode_new
00159ecc 00000154 T FTC_Manager_LookupSize
0015a020 000000c8 T FTC_Manager_LookupFace
0015a0e8 00000104 T FTC_Manager_New
0015a1ec 00000164 T FTC_Manager_Done
0015a350 00000154 T FTC_Manager_Reset
0015a4a4 000002b4 T FTC_Manager_RemoveFaceID
0015a758 00000028 T FTC_Node_Unref
0015a780 000000fc T FTC_CMapCache_New
0015a87c 00000298 T FTC_CMapCache_Lookup
0015ab14 000000fc T FTC_ImageCache_New
0015ac10 0000031c T FTC_ImageCache_Lookup
0015af2c 000003c4 T FTC_ImageCache_LookupScaler
0015b2f0 000000fc T FTC_SBitCache_New
0015b3ec 000003a4 T FTC_SBitCache_Lookup
0015b790 00000444 T FTC_SBitCache_LookupScaler
0015bbd4 00000004 t ft_gzip_free
0015bbd8 0000001c t ft_gzip_alloc
0015bbf4 0000007c t ft_gzip_stream_close
0015bc70 0000011c t ft_gzip_file_fill_output
0015bd8c 00000150 t ft_gzip_file_io
0015bedc 00000008 t ft_gzip_stream_io
0015bee4 0000058c T FT_Stream_OpenGzip
0015c470 00000108 T FT_Gzip_Uncompress
0015c578 00000184 t ft_lzwstate_get_code
0015c6fc 000000a4 t ft_lzw_stream_close
0015c7a0 000001e8 T FT_Stream_OpenLZW
0015c988 0000002c T ft_lzwstate_reset
0015c9b4 0000006c T ft_lzwstate_init
0015ca20 00000070 T ft_lzwstate_done
0015ca90 000006d8 T ft_lzwstate_io
0015d168 000008b8 t ft_lzw_stream_io
0015da20 00000238 t skip_literal_string
0015dc58 0000004c t ps_parser_init
0015dca4 00000004 t ps_parser_done
0015dca8 0000002c t t1_builder_done
0015dcd4 000000c8 t t1_builder_close_contour
0015dd9c 0000002c t t1_decoder_done
0015ddc8 00000018 t t1_cmap_std_done
0015dde0 00000038 t t1_cmap_standard_init
0015de18 00000038 t t1_cmap_expert_init
0015de50 0000002c t t1_cmap_custom_init
0015de7c 00000014 t t1_cmap_custom_done
0015de90 00000034 t t1_cmap_custom_char_index
0015dec4 00000080 t t1_cmap_custom_char_next
0015df44 0000000c t psaux_get_glyph_name
0015df50 00000040 t t1_cmap_unicode_init
0015df90 00000010 t t1_cmap_unicode_char_index
0015dfa0 00000010 t t1_cmap_unicode_char_next
0015dfb0 00000030 t afm_compare_kern_pairs
0015dfe0 000001cc t PS_Conv_Strtol
0015e1ac 00000050 t t1_decrypt
0015e1fc 0000005c t ps_table_release
0015e258 0000001c t afm_parser_done
0015e274 00000028 t t1_cmap_unicode_done
0015e29c 000000a0 t ps_table_done
0015e33c 00000060 t afm_parser_init
0015e39c 000000dc t ps_table_new
0015e478 00000068 t t1_builder_add_point
0015e4e0 000000a8 t t1_builder_add_contour
0015e588 000000b0 t t1_builder_init
0015e638 00000090 t t1_lookup_glyph_by_stdcharcode
0015e6c8 00000154 t ps_table_add
0015e81c 0000008c t t1_cmap_std_char_index
0015e8a8 00000048 t t1_builder_check_points
0015e8f0 00000124 t t1_decoder_init
0015ea14 000000b0 t t1_cmap_std_char_next
0015eac4 000001c4 t PS_Conv_ToInt
0015ec88 00000360 t PS_Conv_ToFixed
0015efe8 000000d4 t afm_stream_read_string
0015f0bc 000000a4 t t1_builder_add_point1
0015f160 00000134 t afm_parser_next_key.isra.1.constprop.9
0015f294 000000e8 t afm_stream_read_one
0015f37c 000001fc t afm_parser_read_vals.constprop.7
0015f578 00000148 t t1_builder_start_point.part.4
0015f6c0 0000015c t t1_builder_start_point
0015f81c 00000094 t ps_parser_skip_spaces
0015f8b0 000001f8 t skip_procedure
0015faa8 00000338 t ps_parser_skip_PS_token
0015fde0 000001a0 t ps_tofixedarray
0015ff80 00000098 t ps_parser_to_fixed
00160018 000000b0 t ps_parser_to_fixed_array
001600c8 00000200 t ps_parser_to_bytes
001602c8 0000025c t ps_parser_to_int
00160524 00000228 t ps_parser_to_coord_array
0016074c 00001728 t t1_decoder_parse_charstrings
00161e74 0000064c t ps_parser_to_token
001624c0 000006d8 t ps_parser_to_token_array
00162b98 000006f8 t ps_parser_load_field
00163290 000001c8 t ps_parser_load_field_table
00163458 0000117c t afm_parser_parse
001645d4 00000038 t compare_uni_maps
0016460c 000000b0 t ps_unicodes_char_index
001646bc 000000d4 t ps_unicodes_char_next
00164790 0000002c t ps_get_macintosh_name
001647bc 00000030 t ps_get_standard_strings
001647ec 0000000c t psnames_get_service
001647f8 00000164 t ft_get_adobe_glyph_index.part.0
0016495c 00000234 t ps_unicode_value
00164b90 000004bc t ps_unicodes_init
0016504c 00000024 t ft_ansi_stream_close
00165070 0000005c t ft_ansi_stream_io
001650cc 00000008 t ft_alloc
001650d4 00000008 t ft_free
001650dc 0000000c t ft_realloc
001650e8 000000b0 T FT_Stream_Open
00165198 00000044 T FT_New_Memory
001651dc 00000004 T FT_Done_Memory
001651e0 00000030 T FT_Bitmap_Init
00165210 00000030 T FT_Bitmap_New
00165240 000001ac T FT_Bitmap_Copy
001653ec 00000524 T FT_Bitmap_Convert
00165910 00000738 T FT_Bitmap_Embolden
00166048 000000b4 T FT_GlyphSlot_Own_Bitmap
001660fc 0000005c T FT_Bitmap_Done
00166158 00000030 t ft_bitmap_glyph_bbox
00166188 00000038 t ft_outline_glyph_prepare
001661c0 00000028 t ft_bitmap_glyph_copy
001661e8 0000000c t ft_bitmap_glyph_done
001661f4 00000008 t ft_outline_glyph_bbox
001661fc 00000034 t ft_outline_glyph_transform
00166230 0000003c t ft_outline_glyph_copy
0016626c 0000005c t ft_outline_glyph_init
001662c8 0000000c t ft_outline_glyph_done
001662d4 0000009c t ft_bitmap_glyph_init
00166370 000000f4 T FT_Glyph_Copy
00166464 00000120 T FT_Get_Glyph
00166584 00000064 T FT_Glyph_Transform
001665e8 000000a4 T FT_Glyph_Get_CBox
0016668c 00000034 T FT_Done_Glyph
001666c0 000002d8 T FT_Glyph_To_Bitmap
00166998 00000090 T inflateResetKeep
00166a28 0000009c T inflateReset
00166ac4 00000120 T inflateReset2
00166be4 00000188 T inflateInit2_
00166d6c 00000164 T inflateInit_
00166ed0 00000078 T inflatePrime
00166f48 00001e9c T inflate
00168de4 00000064 T inflateEnd
00168e48 00000098 T inflateGetDictionary
00168ee0 000001a8 T inflateSetDictionary
00169088 0000003c T inflateGetHeader
001690c4 000002b8 T inflateSync
0016937c 00000040 T inflateSyncPoint
001693bc 000001ac T inflateCopy
00169568 00000030 T inflateUndermine
00169598 00000058 T inflateMark
001695f0 00000bf4 T inflate_table
0016a1e4 0000000c T zlibVersion
0016a1f0 00000008 T zlibCompileFlags
0016a1f8 00000014 T zError
0016a20c 00000008 T zcalloc
0016a214 00000008 T zcfree
0016a21c 00000448 T adler32
0016a664 000000bc T adler32_combine
0016a720 000000bc T adler32_combine64
0016a7dc 00000214 t crc32_combine_
0016a9f0 0000000c T get_crc_table
0016a9fc 000003b0 T crc32
0016adac 00000004 T crc32_combine
0016adb0 00000004 T crc32_combine64
0016adb4 00000be4 T inflate_fast
0016b998 00000064 t apt_hook_func
0016b9fc 000001b4 t sf2d_init_advanced.part.0
0016bbb0 00000028 T sf2d_init
0016bbd8 00000020 T sf2d_init_advanced
0016bbf8 00000064 T sf2d_fini
0016bc5c 0000000c T sf2d_set_3D
0016bc68 00000190 T sf2d_start_frame
0016bdf8 00000118 T sf2d_end_frame
0016bf10 000000b0 T sf2d_swapbuffers
0016bfc0 00000010 T sf2d_set_vblank_wait
0016bfd0 00000010 T sf2d_get_fps
0016bfe0 0000002c T sf2d_pool_malloc
0016c00c 00000040 T sf2d_pool_memalign
0016c04c 00000018 T sf2d_pool_space_free
0016c064 00000014 T sf2d_pool_reset
0016c078 00000010 T sf2d_set_clear_color
0016c088 0000004c T sf2d_set_scissor_test
0016c0d4 00000010 T sf2d_get_current_screen
0016c0e4 00000010 T sf2d_get_current_side
0016c0f4 00000034 T GPU_SetDummyTexEnv
0016c128 00000084 T vector_mult_matrix4x4
0016c1ac 00000010 T matrix_gpu_set_uniform
0016c1bc 0000003c T matrix_copy
0016c1f8 0000004c T matrix_identity4x4
0016c244 00000074 T matrix_mult4x4
0016c2b8 00000074 T matrix_set_z_rotation
0016c32c 00000060 T matrix_rotate_z
0016c38c 0000004c T matrix_set_scaling
0016c3d8 000000a0 T matrix_swap_xy
0016c478 00000114 T matrix_init_orthographic
0016c58c 00000020 T next_pow2
0016c5ac 00000124 t sf2d_texture_tile32.part.3
0016c6d0 00000200 T sf2d_create_texture
0016c8d0 00000050 T sf2d_free_texture
0016c920 000000b8 T sf2d_fill_texture_from_RGBA8
0016c9d8 00000044 T sf2d_create_texture_mem_RGBA8
0016ca1c 00000078 T sf2d_bind_texture
0016ca94 00000080 T sf2d_bind_texture_color
0016cb14 00000078 T sf2d_bind_texture_parameters
0016cb8c 00000008 T sf2d_texture_set_params
0016cb94 00000008 T sf2d_texture_get_params
0016cb9c 00000140 T sf2d_draw_texture
0016ccdc 00000144 T sf2d_draw_texture_blend
0016ce20 000001b0 T sf2d_draw_texture_rotate_hotspot
0016cfd0 000001b4 T sf2d_draw_texture_rotate_hotspot_blend
0016d184 000001c4 T sf2d_draw_texture_rotate
0016d348 000001c8 T sf2d_draw_texture_rotate_blend
0016d510 0000017c T sf2d_draw_texture_part
0016d68c 00000180 T sf2d_draw_texture_part_blend
0016d80c 00000168 T sf2d_draw_texture_scale
0016d974 0000016c T sf2d_draw_texture_scale_blend
0016dae0 00000154 T sf2d_draw_texture_part_scale
0016dc34 00000158 T sf2d_draw_texture_part_scale_blend
0016dd8c 00000218 T sf2d_draw_texture_part_rotate_scale
0016dfa4 0000021c T sf2d_draw_texture_part_rotate_scale_blend
0016e1c0 00000160 T sf2d_draw_texture_depth
0016e320 00000164 T sf2d_draw_texture_depth_blend
0016e484 0000012c T sf2d_draw_quad_uv
0016e5b0 00000094 T sf2d_set_pixel
0016e644 00000090 T sf2d_get_pixel
0016e6d4 00000010 T sf2d_texture_tile32
0016e6e4 00000024 t addrMapNodeComparator(rbtree_node const*, rbtree_node const*)
0016e708 00000004 t addrMapNodeDestructor(rbtree_node*)
0016e70c 00000140 T linearMemAlign
0016e84c 00000008 T linearAlloc
0016e854 00000008 T linearRealloc
0016e85c 00000050 T linearFree
0016e8ac 0000000c T linearSpaceFree
0016e8b8 000000a0 T MemPool::CoalesceRight(MemBlock*)
0016e958 00000188 T MemPool::Allocate(MemChunk&, unsigned long, int)
0016eae0 00000104 T MemPool::Deallocate(MemChunk const&)
0016ebe4 00000030 T MemPool::GetFreeSpace()
0016ec14 00000024 t addrMapNodeComparator(rbtree_node const*, rbtree_node const*)
0016ec38 00000004 t addrMapNodeDestructor(rbtree_node*)
0016ec3c 00000130 T vramMemAlign
0016ed6c 00000008 T vramAlloc
0016ed74 00000008 T vramRealloc
0016ed7c 00000050 T vramFree
0016edcc 0000000c T vramSpaceFree
0016edd8 0000008c t gfxSetFramebufferInfo.part.0
0016ee64 00000010 T gfxSet3D
0016ee74 00000018 T gfxSetScreenFormat
0016ee8c 00000018 T gfxGetScreenFormat
0016eea4 00000014 T gfxSetDoubleBuffering
0016eeb8 00000070 T gfxSetFramebufferInfo
0016ef28 000000c4 T gfxWriteFramebufferInfo
0016efec 000001e0 T gfxInit
0016f1cc 00000010 T gfxInitDefault
0016f1dc 000000e8 T gfxExit
0016f2c4 000000b0 T gfxGetFramebuffer
0016f374 000000dc T gfxFlushBuffers
0016f450 00000074 T gfxSwapBuffers
0016f4c4 0000005c T gfxSwapBuffersGpu
0016f520 00000058 t getSysTime
0016f578 000000dc t __read_versionbin
0016f654 0000004c T osConvertVirtToPhys
0016f6a0 00000020 T osConvertOldLINEARMemToNew
0016f6c0 000000f4 T __libctru_gtod
0016f7b4 00000074 T osGetTime
0016f828 00000014 T osGetFirmVersion
0016f83c 00000014 T osGetKernelVersion
0016f850 00000020 T osStrError
0016f870 00000010 T osGetWifiStrength
0016f880 00000034 T __ctru_speedup_config
0016f8b4 00000010 T osSetSpeedupEnable
0016f8c4 00000130 T osGetSystemVersionData
0016f9f4 0000007c T osGetSystemVersionDataString
0016fa70 00000008 t romfs_close
0016fa78 00000088 t romfs_seek
0016fb00 00000010 t romfs_stat
0016fb10 00000010 t romfs_diropen
0016fb20 00000010 t romfs_dirreset
0016fb30 00000010 t romfs_dirnext
0016fb40 00000008 t romfs_dirclose
0016fb48 00000040 t romfs_fstat
0016fb88 00000054 t _romfs_read
0016fbdc 00000098 t romfs_read
0016fc74 00000168 t romfsInitCommon
0016fddc 0000024c t navigateToDir.constprop.1
00170028 00000178 t romfs_open
001701a0 00000050 t romfs_chdir
001701f0 00000288 T romfsInit
00170478 00000028 T romfsInitFromFile
001704a0 0000005c T romfsExit
001704fc 00000098 T __get_handle_from_list
00170594 00000054 T __destroy_handle_list
001705e8 00000028 T srvExit
00170610 0000000c T srvGetSessionHandle
0017061c 00000038 T srvRegisterClient
00170654 00000068 T srvInit
001706bc 00000080 T srvGetServiceHandle
0017073c 0000005c T srvRegisterService
00170798 0000004c T srvUnregisterService
001707e4 00000054 T srvPmInit
00170838 00000048 T srvRegisterProcess
00170880 00000034 T srvUnregisterProcess
001708b4 00000040 t f32tof24
001708f4 00000040 t f32tof31
00170934 0000002c T GPU_Init
00170960 0000002c T GPUCMD_SetBuffer
0017098c 00000010 T GPUCMD_SetBufferOffset
0017099c 00000040 T GPUCMD_GetBuffer
001709dc 0000004c T GPUCMD_AddRawCommands
00170a28 00000060 T GPUCMD_Run
00170a88 00000074 T GPUCMD_FlushAndRun
00170afc 000000e4 T GPUCMD_Add
00170be0 00000098 T GPUCMD_Finalize
00170c78 000007e0 T GPU_Reset
00171458 00000078 T GPU_SetFloatUniform
001714d0 000001f4 T GPU_SetViewport
001716c4 0000004c T GPU_SetScissorTest
00171710 0000007c T GPU_DepthMap
0017178c 00000038 T GPU_SetAlphaTest
001717c4 00000048 T GPU_SetStencilTest
0017180c 00000034 T GPU_SetStencilOp
00171840 00000038 T GPU_SetDepthTestAndWriteMask
00171878 00000068 T GPU_SetAlphaBlending
001718e0 00000044 T GPU_SetColorLogicOp
00171924 0000003c T GPU_SetBlendingColor
00171960 0000004c T GPU_SetTextureEnable
001719ac 00000198 T GPU_SetTexture
00171b44 00000094 T GPU_SetTextureBorderColor
00171bd8 000001fc T GPU_SetAttributeBuffers
00171dd4 0000002c T GPU_SetAttributeBuffersAddress
00171e00 0000002c T GPU_SetFaceCulling
00171e2c 00000034 T GPU_SetCombinerBufferWrite
00171e60 00000078 T GPU_SetTexEnv
00171ed8 00000130 T GPU_DrawArray
00172008 00000134 T GPU_DrawElements
0017213c 0000005c T GPU_FinishDrawing
00172198 00000048 T GPU_SetShaderOutmap
001721e0 000000b8 T GPU_SendShaderCode
00172298 00000074 T GPU_SendOperandDescriptors
0017230c 00000208 T shaderInstanceInit
00172514 00000038 T shaderInstanceFree
0017254c 00000040 T shaderInstanceSetBool
0017258c 0000004c T shaderInstanceGetBool
001725d8 00000020 T shaderInstanceGetUniformLocation
001725f8 00000018 T shaderProgramInit
00172610 00000030 T shaderProgramFree
00172640 0000006c T shaderProgramSetVsh
001726ac 00000074 T shaderProgramSetGsh
00172720 000003e0 T shaderProgramUse
00172b00 0000003c T DVLB_Free
00172b3c 0000007c T DVLE_GetUniformRegister
00172bb8 000000f8 T DVLE_GenerateOutmap
00172cb0 00000198 T DVLB_ParseFile
00172e48 00000064 t __apt_initservicehandle
00172eac 00000004 W _aptDebug
00172eb0 000000b0 T aptInitCaptureInfo
00172f60 00000028 T aptWaitStatusEvent
00172f88 00000038 T aptHook
00172fc0 0000002c T aptUnhook
00172fec 00000038 T aptGetStatus
00173024 00000070 T aptSetStatus
00173094 00000038 T aptGetStatusPower
001730cc 00000038 T aptSetStatusPower
00173104 00000024 T aptOpenSession
00173128 00000028 T aptCloseSession
00173150 00000010 T aptSignalReadyForSleep
00173160 00000050 T APT_GetLockHandle
001731b0 00000068 T APT_Initialize
00173218 0000003c T APT_Finalize
00173254 00000034 T APT_HardwareResetAsync
00173288 0000003c T APT_Enable
001732c4 00000080 T APT_GetAppletManInfo
00173344 0000003c T aptGetMenuAppID
00173380 00000098 T APT_GetAppletInfo
00173418 00000054 T APT_GetAppletProgramInfo
0017346c 00000070 T APT_GetProgramID
001734dc 00000050 T APT_IsRegistered
0017352c 00000050 T APT_InquireNotification
0017357c 00000034 T APT_PrepareToJumpToHomeMenu
001735b0 00000050 T APT_JumpToHomeMenu
00173600 0000003c T APT_PrepareToJumpToApplication
0017363c 00000050 T APT_JumpToApplication
0017368c 0000003c T APT_NotifyToWait
001736c8 00000088 T APT_AppletUtility
00173750 00000120 T aptAppletUtility_Exit_RetToApp
00173870 00000044 T aptAppletClosed
001738b4 000000cc t aptAppStarted
00173980 000001c8 T aptInit
00173b48 00000074 T APT_GlanceParameter
00173bbc 00000074 T APT_ReceiveParameter
00173c30 00000070 T APT_SendParameter
00173ca0 0000004c T APT_SendCaptureBufferInfo
00173cec 000001d4 T aptReturnToMenu
00173ec0 00000040 T APT_ReplySleepQuery
00173f00 0000003c T APT_ReplySleepNotificationComplete
00173f3c 00000304 T aptEventHandler
00174240 0000003c T APT_PrepareToCloseApplication
0017427c 00000058 T APT_CloseApplication
001742d4 000001ec T aptExit
001744c0 00000044 T APT_SetAppCpuTimeLimit
00174504 00000054 T APT_GetAppCpuTimeLimit
00174558 0000005c T APT_CheckNew3DS_Application
001745b4 0000005c T APT_CheckNew3DS_System
00174610 00000074 T APT_CheckNew3DS
00174684 0000004c T APT_PrepareToDoAppJump
001746d0 00000068 T APT_DoAppJump
00174738 0000003c T APT_PrepareToStartLibraryApplet
00174774 00000060 T APT_StartLibraryApplet
001747d4 00000104 T aptAppletStarted
001748d8 00000178 T aptMainLoop
00174a50 00000198 T APT_LaunchLibraryApplet
00174be8 0000003c T APT_PrepareToStartSystemApplet
00174c24 00000060 T APT_StartSystemApplet
00174c84 00000054 T initCfgu
00174cd8 00000020 T exitCfgu
00174cf8 00000038 T CFGU_SecureInfoGetRegion
00174d30 00000058 T CFGU_GenHashConsoleUnique
00174d88 00000038 T CFGU_GetRegionCanadaUSA
00174dc0 00000038 T CFGU_GetSystemModel
00174df8 00000038 T CFGU_GetModelNintendo2DS
00174e30 00000040 T CFGU_GetCountryCodeString
00174e70 00000040 T CFGU_GetCountryCodeID
00174eb0 00000048 T CFGU_GetConfigInfoBlk2
00174ef8 00000014 T CFGU_GetSystemLanguage
00174f0c 00000038 T CSND_AcquireCapUnit
00174f44 00000034 T CSND_ReleaseCapUnit
00174f78 0000002c T CSND_Reset
00174fa4 00000168 T csndInit
0017510c 00000094 T csndExit
001751a0 000000c0 T csndAddCmd
00175260 00000040 T csndWriteCmd
001752a0 0000009c T csndExecCmds
0017533c 00000020 T CSND_SetPlayStateR
0017535c 00000020 T CSND_SetPlayState
0017537c 00000020 T CSND_SetEncoding
0017539c 00000030 T CSND_SetBlock
001753cc 00000020 T CSND_SetLooping
001753ec 00000020 T CSND_SetBit7
0017540c 00000020 T CSND_SetInterp
0017542c 00000020 T CSND_SetDuty
0017544c 00000020 T CSND_SetTimer
0017546c 00000028 T CSND_SetVol
00175494 0000003c T CSND_SetAdpcmState
001754d0 00000020 T CSND_SetAdpcmReload
001754f0 00000040 T CSND_SetChnRegs
00175530 00000030 T CSND_SetChnRegsPSG
00175560 00000028 T CSND_SetChnRegsNoise
00175588 00000020 T CSND_CapEnable
001755a8 00000028 T CSND_CapSetRepeat
001755d0 00000024 T CSND_CapSetFormat
001755f4 00000024 T CSND_CapSetBit2
00175618 00000024 T CSND_CapSetTimer
0017563c 0000002c T CSND_CapSetBuffer
00175668 00000034 T CSND_SetCapRegs
0017569c 0000001c T CSND_SetDspFlags
001756b8 0000001c T CSND_UpdateInfo
001756d4 0000024c T csndPlaySound
00175920 00000058 T csndGetDspFlags
00175978 00000040 T csndGetChnInfo
001759b8 00000028 T csndGetCapInfo
001759e0 00000080 T csndGetState
00175a60 00000028 T csndIsPlaying
00175a88 0000002c T FS_makePath
00175ab4 00000024 T fsExit
00175ad8 0000000c T fsGetSessionHandle
00175ae4 00000074 T FSUSER_Initialize
00175b58 0000006c T fsInit
00175bc4 000000ac T FSUSER_OpenFile
00175c70 000000cc T FSUSER_OpenFileDirectly
00175d3c 00000088 T FSUSER_DeleteFile
00175dc4 000000c4 T FSUSER_RenameFile
00175e88 00000088 T FSUSER_DeleteDirectory
00175f10 00000088 T FSUSER_DeleteDirectoryRecursively
00175f98 00000098 T FSUSER_CreateFile
00176030 0000008c T FSUSER_CreateDirectory
001760bc 000000c4 T FSUSER_RenameDirectory
00176180 00000094 T FSUSER_OpenDirectory
00176214 00000088 T FSUSER_OpenArchive
0017629c 00000058 T FSUSER_CloseArchive
001762f4 0000007c T FSUSER_GetSdmcArchiveResource
00176370 0000007c T FSUSER_GetNandArchiveResource
001763ec 0000004c T FSUSER_IsSdmcDetected
00176438 00000078 T FSUSER_GetProductInfo
001764b0 0000004c T FSUSER_GetMediaType
001764fc 0000004c T FSUSER_IsSdmcWritable
00176548 00000044 T FSFILE_Close
0017658c 0000005c T FSFILE_Read
001765e8 00000064 T FSFILE_Write
0017664c 00000040 T FSFILE_GetSize
0017668c 0000002c T FSFILE_SetSize
001766b8 00000038 T FSFILE_GetAttributes
001766f0 00000028 T FSFILE_SetAttributes
00176718 00000024 T FSFILE_Flush
0017673c 00000054 T FSDIR_Read
00176790 00000044 T FSDIR_Close
001767d4 000000e4 t gspEventThreadMain
001768b8 00000014 T gspInit
001768cc 00000018 T gspExit
001768e4 000000cc T gspInitEventHandler
001769b0 00000058 T gspExitEventHandler
00176a08 00000058 T gspWaitForEvent
00176a60 00000070 T GSPGPU_WriteHWRegs
00176ad0 0000008c T GSPGPU_WriteHWRegsWithMask
00176b5c 00000070 T GSPGPU_ReadHWRegs
00176bcc 00000074 T GSPGPU_SetBufferSwap
00176c40 00000054 T GSPGPU_FlushDataCache
00176c94 00000054 T GSPGPU_InvalidateDataCache
00176ce8 0000003c T GSPGPU_SetLcdForceBlack
00176d24 00000034 T GSPGPU_TriggerCmdReqQueue
00176d58 0000006c T GSPGPU_RegisterInterruptRelayQueue
00176dc4 00000034 T GSPGPU_UnregisterInterruptRelayQueue
00176df8 00000050 T GSPGPU_AcquireRight
00176e48 00000034 T GSPGPU_ReleaseRight
00176e7c 00000084 T GSPGPU_ImportDisplayCaptureInfo
00176f00 00000034 T GSPGPU_SaveVramSysArea
00176f34 00000034 T GSPGPU_RestoreVramSysArea
00176f68 0000010c T GSPGPU_SubmitGxCommand
00177074 00000014 T gspLcdInit
00177088 00000018 T gspLcdExit
001770a0 00000034 T GSPLCD_PowerOffBacklight
001770d4 00000034 T GSPLCD_PowerOnBacklight
00177108 00000054 T GX_RequestDma
0017715c 00000068 T GX_SetCommandList_Last
001771c4 00000074 T GX_SetMemoryFill
00177238 00000064 T GX_SetDisplayTransfer
0017729c 00000068 T GX_SetTextureCopy
00177304 00000068 T GX_SetCommandList_First
0017736c 000000d0 T hidExit
0017743c 00000058 T hidWaitForEvent
00177494 0000003c T hidCheckSectionUpdateTime
001774d0 00000248 T hidScanInput
00177718 00000010 T hidKeysHeld
00177728 00000010 T hidKeysDown
00177738 00000010 T hidKeysUp
00177748 00000018 T hidTouchRead
00177760 00000018 T hidCircleRead
00177778 00000020 T hidAccelRead
00177798 00000020 T hidGyroRead
001777b8 00000090 T HIDUSER_GetHandles
00177848 00000154 T hidInit
0017799c 0000002c T HIDUSER_EnableAccelerometer
001779c8 0000002c T HIDUSER_DisableAccelerometer
001779f4 0000002c T HIDUSER_EnableGyroscope
00177a20 0000002c T HIDUSER_DisableGyroscope
00177a4c 0000003c T HIDUSER_GetGyroscopeRawToDpsCoefficient
00177a88 00000038 T HIDUSER_GetSoundVolume
00177ac0 0000004c T irrstWaitForEvent
00177b0c 0000003c T irrstCheckSectionUpdateTime
00177b48 000000b4 T irrstScanInput
00177bfc 00000018 T irrstKeysHeld
00177c14 00000018 T irrstCstickRead
00177c2c 00000050 T IRRST_GetHandles
00177c7c 00000038 T IRRST_Initialize
00177cb4 00000100 T irrstInit
00177db4 0000002c T IRRST_Shutdown
00177de0 000000a0 T irrstExit
00177e80 00000014 T ptmInit
00177e94 00000010 T ptmExit
00177ea4 00000014 T ptmSysmInit
00177eb8 00000010 T ptmSysmExit
00177ec8 00000040 T PTMU_GetShellState
00177f08 00000040 T PTMU_GetBatteryLevel
00177f48 00000040 T PTMU_GetBatteryChargeState
00177f88 00000040 T PTMU_GetPedometerState
00177fc8 00000040 T PTMU_GetTotalStepCount
00178008 00000034 T PTMSYSM_ConfigureNew3DSCPU
0017803c 00000070 T rbtree_find
001780ac 00000014 T rbtree_init
001780c0 000001e4 t do_insert
001782a4 00000008 T rbtree_insert
001782ac 00000008 T rbtree_insert_multi
001782b4 00000340 T rbtree_remove
001785f4 000000ac T rbtree_rotate
001786a0 000000b8 T utf8_to_utf16
00178758 000000a4 W __system_allocateHeaps
001787fc 000000f4 T __system_initArgv
001788f0 0000004c W __libctru_init
00178940 T svcControlMemory
00178960 T svcQueryMemory
00178990 T svcExitProcess
00178998 T svcCreateThread
001789b8 T svcExitThread
001789c0 T svcSleepThread
001789c8 T svcGetThreadPriority
001789dc T svcSetThreadPriority
001789e4 T svcGetThreadAffinityMask
001789ec T svcSetThreadAffinityMask
001789f4 T svcGetThreadIdealProcessor
00178a08 T svcSetThreadIdealProcessor
00178a10 T svcGetProcessorID
00178a18 T svcCreateMutex
00178a2c T svcReleaseMutex
00178a34 T svcCreateSemaphore
00178a48 T svcReleaseSemaphore
00178a5c T svcCreateEvent
00178a70 T svcSignalEvent
00178a78 T svcClearEvent
00178a80 T svcCreateTimer
00178a94 T svcSetTimer
00178a9c T svcCancelTimer
00178aa4 T svcClearTimer
00178aac T svcCreateMemoryBlock
00178ac4 T svcMapMemoryBlock
00178acc T svcUnmapMemoryBlock
00178ad4 T svcCreateAddressArbiter
00178ae8 T svcArbitrateAddress
00178b08 T svcCloseHandle
00178b10 T svcWaitSynchronization
00178b18 T svcWaitSynchronizationN
00178b40 T svcDuplicateHandle
00178b54 T svcGetSystemTick
00178b5c T svcGetSystemInfo
00178b74 T svcGetProcessInfo
00178b8c T svcGetThreadInfo
00178ba4 T svcConnectToPort
00178bb8 T svcSendSyncRequest
00178bc0 T svcOpenProcess
00178bd4 T svcOpenThread
00178be8 T svcGetProcessId
00178bfc T svcGetProcessIdOfThread
00178c10 T svcGetThreadId
00178c24 T svcBreak
00178c2c T svcOutputDebugString
00178c34 T svcCreatePort
00178c54 T svcAcceptSession
00178c6c T svcReplyAndReceive
00178c84 T svcInvalidateProcessDataCache
00178c8c T svcFlushProcessDataCache
00178c94 T svcStartInterProcessDma
00178cb4 T svcStopDma
00178cbc T svcGetDmaState
00178cd0 T svcDebugActiveProcess
00178ce4 T svcBreakDebugProcess
00178cec T svcTerminateDebugProcess
00178cf4 T svcGetProcessDebugEvent
00178cfc T svcContinueDebugEvent
00178d04 T svcGetProcessList
00178d24 T svcReadProcessMemory
00178d2c T svcWriteProcessMemory
00178d34 T svcControlProcessMemory
00178d4c T svcMapProcessMemory
00178d54 T svcUnmapProcessMemory
00178d5c T svcTerminateProcess
00178d64 T svcBackdoor
00178d6c T svcKernelSetState
00178d74 T svcQueryProcessMemory
00178da0 T initSystem
00178de4 T __ctru_exit
00178e04 00000024 t addrMapNodeComparator(rbtree_node const*, rbtree_node const*)
00178e28 00000004 t addrMapNodeDestructor(rbtree_node*)
00178e2c 000000f4 T mappableAlloc
00178f20 00000050 T mappableFree
00178f70 0000000c T mappableSpaceFree
00178f7c 0000008c T rbtree_node_next
00179008 0000008c T rbtree_node_prev
00179094 00000138 T decode_utf8
001791cc 00000068 T encode_utf16
00179234 0000001c W __appExit
00179250 0000001c W __appInit
0017926c 00000090 W __libctru_exit
001792fc 00000010 t sdmc_link
0017930c 00000010 t sdmc_dirreset
0017931c 00000010 t sdmc_chmod
0017932c 00000010 t sdmc_fchmod
0017933c 00000024 t error_cmp
00179360 00000050 t sdmc_translate_error
001793b0 00000030 t sdmc_fsync
001793e0 00000050 t sdmc_ftruncate
00179430 000000c0 t sdmc_statvfs
001794f0 00000034 t sdmc_dirclose
00179524 000000dc t sdmc_dirnext
00179600 00000030 t sdmc_close
00179630 0000006c t sdmc_fstat
0017969c 000000bc t sdmc_seek
00179758 00000090 t sdmc_read
001797e8 0000010c t sdmc_write
001798f4 000001a8 t sdmc_utf16path
00179a9c 00000080 t sdmc_rmdir
00179b1c 0000009c t sdmc_diropen
00179bb8 000000a8 t sdmc_chdir
00179c60 00000080 t sdmc_mkdir
00179ce0 0000013c t sdmc_rename
00179e1c 00000080 t sdmc_unlink
00179e9c 00000134 t sdmc_stat
00179fd0 000001a8 t sdmc_open
0017a178 00000130 T sdmcInit
0017a2a8 00000050 T sdmcExit
0017a2f8 000000e8 T utf16_to_utf8
0017a3e0 00000060 T decode_utf16
0017a440 00000104 T encode_utf8
0017a544 t .udivsi3_skip_div0_test
0017a544 T __aeabi_uidiv
0017a544 000001ec T __udivsi3
0017a730 00000020 T __aeabi_uidivmod
0017a750 T __aeabi_idiv
0017a750 00000220 T __divsi3
0017a758 t .divsi3_skip_div0_test
0017a970 00000020 T __aeabi_idivmod
0017a990 00000004 W __aeabi_idiv0
0017a990 00000004 W __aeabi_ldiv0
0017a994 0000019c T __aeabi_frsub
0017a99c 00000194 T __aeabi_fsub
0017a99c 00000194 T __subsf3
0017a9a0 00000190 T __addsf3
0017a9a0 00000190 T __aeabi_fadd
0017ab30 00000028 T __aeabi_ui2f
0017ab30 00000028 T __floatunsisf
0017ab38 00000020 T __aeabi_i2f
0017ab38 00000020 T __floatsisf
0017ab58 0000008c T __aeabi_ul2f
0017ab58 0000008c T __floatundisf
0017ab68 0000007c T __aeabi_l2f
0017ab68 0000007c T __floatdisf
0017abe4 00000044 T __popcountsi2
0017ac28 00000014 T setjmp
0017ac3c 00000018 T longjmp
0017ac68 00000390 T strcmp
0017b000 00000018 T setDefaultDevice
0017b018 000000ac T FindDevice
0017b0c4 0000002c T RemoveDevice
0017b0f0 00000094 T AddDevice
0017b184 00000024 T GetDeviceOpTab
0017b1a8 0000007c T _close_r
0017b224 0000006c T _fstat_r
0017b290 00000008 T _isatty_r
0017b298 00000074 T _lseek_r
0017b30c 000000c8 T _open_r
0017b3d4 00000074 T _read_r
0017b448 00000070 T _sbrk_r
0017b4b8 00000074 T _write_r
0017b52c 000001bc T _concatenate_path
0017b6e8 00000148 T chdir
0017b830 000000a0 T getcwd
0017b8d0 00000004 T __flockfile
0017b8d4 00000004 T __funlockfile
0017b8d8 00000018 T __libc_lock_init
0017b8f0 00000018 T __libc_lock_acquire
0017b908 00000024 T __libc_lock_try_acquire
0017b92c 00000018 T __libc_lock_release
0017b944 00000018 T __libc_lock_close
0017b95c 00000018 T __libc_lock_init_recursive
0017b974 00000018 T __libc_lock_acquire_recursive
0017b98c 00000024 T __libc_lock_try_acquire_recursive
0017b9b0 00000018 T __libc_lock_release_recursive
0017b9c8 00000018 T __libc_lock_close_recursive
0017b9e0 00000044 T __free_handle
0017ba24 0000002c T __release_handle
0017ba50 00000068 T __alloc_handle
0017bab8 0000001c T __get_handle
0017bad4 0000008c T dup
0017bb60 000000d4 T dup2
0017bc34 00000028 T __getreent
0017bc5c T __aeabi_uldivmod
0017bc98 0000003c T __gnu_ldivmod_helper
0017bcd4 0000003c T __gnu_uldivmod_helper
0017bd10 00000180 T __divdi3
0017be90 00000124 T __udivdi3
0017bfb4 000003bc T main
0017c370 0000028c t TT_Hint_Glyph
0017c5fc 0000017c t ft_var_readpackedpoints
0017c778 00000134 t ft_var_readpackeddeltas
0017c8ac 00000054 t Ins_Goto_CodeRange.part.4
0017c900 00000144 t tt_delta_interpolate.part.52
0017ca44 000003a4 t tt_size_run_prep
0017cde8 000000c8 t cff_charset_compute_cids
0017ceb0 00000344 t cff_index_get_pointers
0017d1f4 00000274 t cff_parser_run
0017d468 00000178 t cff_index_init
0017d5e0 00000270 t cff_subfont_load
0017d850 00000034 t t42_is_space
0017d884 0000018c t af_warper_compute_line_best
0017da10 0000033c t af_warper_compute
0017dd4c 00000224 t af_glyph_hints_align_strong_points
0017df70 00000090 t af_glyph_hints_scale_dim.isra.3
0017e000 00000230 t af_latin_compute_stem_width.isra.4
0017e230 00000054 t af_latin_align_linked_edge
0017e284 000001bc t af_cjk_compute_stem_width.isra.6
0017e440 000001b0 t af_hint_normal_stem
0017e5f0 000000e0 t af_iup_interp.part.11
0017e6d0 000001f8 t af_glyph_hints_align_weak_points
0017e8c8 000000d4 t New_Profile
0017e99c 000000a8 t End_Profile
0017ea44 000000a4 t Insert_Y_Turn
0017eae8 00000208 t Bezier_Up
0017ecf0 00000094 t Bezier_Down
0017ed84 000001b4 t Conic_To
0017ef38 000001dc t Cubic_To
0017f114 000000ac t Sort
0017f1c0 000001d4 t Line_Up
0017f394 00000250 t Line_To
0017f5e4 00000ad8 t Render_Single_Pass
001800bc 0000005c t ftc_sbit_copy_bitmap.isra.6
00180118 000000a8 T cosf
001801c0 000000b0 T sinf
00180270 000002e0 T __ieee754_rem_pio2f
00180550 00000124 T __kernel_cosf
00180674 00000838 T __kernel_rem_pio2f
00180eac 000000a0 T __kernel_sinf
00180f4c 00000010 T fabsf
00180f5c 000000b8 T floorf
00181014 00000118 T scalbnf
0018112c 0000001c T copysignf
00181148 0000000c T atol
00181154 0000000c T _atol_r
00181160 00000078 T bsearch
001811d8 0000000c T __errno
001811e4 00000118 T _fclose_r
001812fc 00000018 T fclose
00181314 00000238 T __sflush_r
0018154c 00000098 T _fflush_r
001815e4 00000038 T fflush
0018161c 0000000c T _cleanup_r
00181628 0000001c t __fp_lock
00181644 0000001c t __fp_unlock
00181660 0000015c t __sinit.part.1
001817bc 00000048 T __sfmoreglue
00181804 000000e8 T __sfp
001818ec 00000018 T _cleanup
00181904 00000010 T __sinit
00181914 00000004 T __sfp_lock_acquire
00181918 00000004 T __sfp_lock_release
0018191c 00000004 T __sinit_lock_acquire
00181920 00000004 T __sinit_lock_release
00181924 00000018 T __fp_lock_all
0018193c 00000018 T __fp_unlock_all
00181954 00000040 T __libc_fini_array
00181994 00000130 T _fopen_r
00181ac4 00000020 T fopen
00181ae4 000002f0 T _fread_r
00181dd4 00000038 T fread
00181e0c 000000f8 T _malloc_trim_r
00181f04 000002b4 T _free_r
001821b8 00000004 T _fseek_r
001821bc 00000028 T fseek
001821e4 000004f8 T _fseeko_r
001826dc 00000028 T fseeko
00182704 00000004 T _ftell_r
00182708 00000018 T ftell
00182720 00000164 T _ftello_r
00182884 00000018 T ftello
0018289c 00000078 T _fwalk
00182914 00000080 T _fwalk_reent
00182994 00000078 T __libc_init_array
00182a0c 00000160 T __smakebuf_r
00182b6c 00000018 T malloc
00182b84 00000018 T free
00182b9c 00000740 T _malloc_r
001832dc 00000120 T memchr
001833fc 000000a8 T memcmp
001834a4 000000f4 T memcpy
00183598 0000012c T memmove
001836c4 000000f0 T memset
001837b4 00000004 T __malloc_lock
001837b8 00000004 T __malloc_unlock
001837bc 000008a4 T qsort
00184060 00000020 T realloc
00184080 00000564 T _realloc_r
001845e4 0000001c t lflush
00184600 000001d8 T __srefill_r
001847d8 000000d8 T _snprintf_r
001848b0 000000e0 T snprintf
00184990 00000068 T _sprintf_r
001849f8 00000068 T sprintf
00184a60 00000030 T __sread
00184a90 00000008 T __seofread
00184a98 00000054 T __swrite
00184aec 0000002c T __sseek
00184b18 00000008 T __sclose
00184b20 0000016c T strchr
00184c8c 000000f0 T strcpy
00184d7c 0000005c T strlen
00184dd8 000000a4 T strncat
00184e7c 00000110 T strncmp
00184f8c 000000e0 T strncpy
0018506c 00000044 T strrchr
001850b0 00000110 t critical_factorization
001851c0 00000398 t two_way_long_needle
00185558 00000370 T strstr
001858c8 00000028 T strtok
001858f0 000000c0 T __strtok_r
001859b0 00000008 T strtok_r
001859b8 000001dc T _strtol_r
00185b94 00000028 T strtol
00185bbc 00000860 t get_arg
00186420 00004320 T _svfprintf_r
0018a740 000000b0 T _vsnprintf_r
0018a7f0 00000038 T vsnprintf
0018a828 000000a4 T _vswprintf_r
0018a8cc 00000038 T vswprintf
0018a904 0000008c T _wcrtomb_r
0018a990 00000094 T wcrtomb
0018aa24 00000020 T _wcsrtombs_r
0018aa44 0000003c T wcsrtombs
0018aa80 00000114 T __utf8_wctomb
0018ab94 00000048 T _wctomb_r
0018abdc 00000028 T __ascii_wctomb
0018ac04 00000084 T __sjis_wctomb
0018ac88 000000c8 T __eucjp_wctomb
0018ad50 000000d4 T __jis_wctomb
0018ae24 00000018 T __set_ctype
0018ae3c 000001c0 t quorem
0018b000 000012dc T _dtoa_r
0018c2e0 000000b0 T __sflags
0018c390 0000008c t __get_locale_env
0018c41c 000008a4 t loadlocale
0018ccc0 00000088 t currentlocale
0018cd48 00000300 T _setlocale_r
0018d048 0000000c T __locale_charset
0018d054 00000010 T __locale_mb_cur_max
0018d064 0000000c T __locale_msgcharset
0018d070 00000010 T __locale_cjk_lang
0018d080 0000000c T _localeconv_r
0018d08c 00000020 T setlocale
0018d0ac 00000014 T localeconv
0018d0c0 000002fc T __utf8_mbtowc
0018d3bc 0000004c T _mbtowc_r
0018d408 0000004c T __ascii_mbtowc
0018d454 000000d4 T __sjis_mbtowc
0018d528 00000140 T __eucjp_mbtowc
0018d668 000001a8 T __jis_mbtowc
0018d810 0000008c T _Balloc
0018d89c 0000001c T _Bfree
0018d8b8 000000d0 T __multadd
0018d988 000000e4 T __s2b
0018da6c 0000005c T __hi0bits
0018dac8 00000098 T __lo0bits
0018db60 00000020 T __i2b
0018db80 000001dc T __multiply
0018dd5c 00000100 T __pow5mult
0018de5c 000000f4 T __lshift
0018df50 00000064 T __mcmp
0018dfb4 0000013c T __mdiff
0018e0f0 00000074 T __ulp
0018e164 000000e4 T __b2d
0018e248 00000104 T __d2b
0018e34c 0000007c T __ratio
0018e3c8 00000044 T _mprec_log10
0018e410 0000006c T __copybits
0018e47c 00000080 T __any_on
0018e4fc 00000074 T __fpclassifyd
0018e570 00000094 T frexp
0018e608 00000068 T strcasecmp
0018e670 00000080 T strcat
0018e6f0 00000048 T strlcpy
0018e738 0000008c T strncasecmp
0018e7c4 00000860 t get_arg
0018f024 000001a8 T __ssprint_r
0018f1cc 00002fdc T _svfiprintf_r
001921a8 00000308 t wcvt
001924b0 000007f4 t get_arg.isra.0
00192ca8 00003e3c T _svfwprintf_r
00196ae8 0000002c T wcslen
00196b14 00000184 T _wcsnrtombs_r
00196c98 00000040 T wcsnrtombs
00196cd8 0000005c T wmemchr
00196d34 00000078 T btowc
00196dac 00000094 T _calloc_r
00196e40 000000c8 T _findenv_r
00196f08 00000018 T _getenv_r
00196f20 00000040 T mbrlen
00196f60 00000098 T _mbrtowc_r
00196ff8 0000009c T mbrtowc
00197094 000000f8 T _mbsnrtowcs_r
0019718c 00000040 T mbsnrtowcs
001971cc 00000004 T __env_lock
001971d0 00000004 T __env_unlock
001971d4 0000005c T strnlen
00197230 T _fini
00198000 R eightbit_ttf
0019cea8 R eightbit_ttf_end
0019cea8 R eightbit_ttf_size
0019ceac 000023b0 R friskBack
0019f25c 000023b0 R friskFace
001a160c 000023b0 R friskLeft1
001a39bc 000023b0 R friskRight1
001a5d6c 0005dc10 R torielHouse1
0020397c 0000004c r ft_default_modules
002039c8 00000058 r ft_trig_arctan_table
00203a20 00000048 r ft_raccess_guess_table
00203a68 00000024 r fvar_fields.9706
00203a8c 00000020 r fvaraxis_fields.9707
00203aac 00000024 r gvar_fields.9645
00203ad0 000000b4 r trick_names.8089
00203b84 00000198 r sfnt_id.8118
00203d1c 00000030 r tt_services
00203d4c 00000100 r opcode_length
00203e4c 00000100 r Pop_Push_Count
00203f58 00000044 R tt_default_graphics_state
00203f9c 00000060 R tt_driver_class
00203ffc 00000004 r tt_service_truetype_glyf
00204000 00000001 r tt_service_truetype_engine
00204004 00000014 r tt_service_gx_multi_masters
00204018 00000008 r tt_service_properties
00204020 00000038 r t1_services
00204060 000005e0 r t1_keywords
00204640 00000060 R t1_driver_class
002046a0 00000004 r t1_service_kerning
002046a4 00000014 r t1_service_ps_info
002046b8 00000014 r t1_service_multi_masters
002046cc 00000004 r t1_service_ps_name
002046d0 00000008 r t1_service_glyph_dict
002046d8 00000028 r power_tens
00204700 00000028 R cff_cmap_encoding_class_rec
00204728 00000028 R cff_cmap_unicode_class_rec
00204750 00000040 r cff_services
00204790 000005b0 r cff_field_handlers
00204d40 00000200 r cff_standard_encoding
00204f40 00000018 r cff_header_fields.8442
00204f58 000001ca r cff_isoadobe_charset
00205124 0000014c r cff_expert_charset
00205270 000000ae r cff_expertsubset_charset
00205320 00000200 r cff_expert_encoding
00205520 0000000c r readFromStack.10303
0020552c 0000000c r readFromStack.10305
00205538 0000000c r readFromStack.10307
00205544 0000000c r readFromStack.10309
00205550 00000060 R cff_driver_class
002055b0 00000008 r cff_service_properties
002055b8 0000000c r cff_service_cid_info
002055c4 00000004 r cff_service_get_cmap_info
002055c8 00000004 r cff_service_ps_name
002055cc 00000014 r cff_service_ps_info
002055e0 00000008 r cff_service_glyph_dict
002055e8 00000028 r cid_services
00205610 00000660 r cid_field_records
00205c70 00000060 R t1cid_driver_class
00205cd0 0000000c r cid_service_cid_info
00205cdc 00000014 r cid_service_ps_info
00205cf0 00000004 r cid_service_ps_name
00205cf4 00000018 r pfr_services
00205d0c 00000074 r pfr_header_fields
00205d80 00000028 r pfr_phy_font_extra_items
00205da8 00000028 R pfr_cmap_class_rec
00205dd0 00000060 R pfr_driver_class
00205e30 0000000c r pfr_metrics_service_rec
00205e3c 00000028 r t42_services
00205e64 00000280 r t42_keywords
002060e4 00000060 R t42_driver_class
00206144 00000014 r t42_service_ps_info
00206158 00000004 r t42_service_ps_font_name
0020615c 00000008 r t42_service_glyph_dict
00206164 00000018 r winfnt_services
0020617c 00000098 r winfnt_header_fields
00206214 00000014 r winmz_header_fields
00206228 00000018 r winne_header_fields
00206240 00000034 r winpe32_header_fields
00206274 00000020 r winpe32_section_fields
00206294 00000020 r winpe_rsrc_dir_fields
002062b4 00000010 r winpe_rsrc_dir_entry_fields
002062c4 00000018 r winpe_rsrc_data_entry_fields
002062dc 00000028 r fnt_cmap_class_rec
00206304 00000060 R winfnt_driver_class
00206364 00000004 r winfnt_service_rec
00206368 00000018 r pcf_services
00206380 00000020 r pcf_metric_msb_header
002063a0 00000020 r pcf_metric_header
002063c0 0000001c r pcf_compressed_metric_header
002063dc 00000034 r pcf_accel_msb_header
00206410 00000034 r pcf_accel_header
00206444 00000010 r pcf_toc_header
00206454 00000018 r pcf_table_header
0020646c 00000014 r pcf_property_header
00206480 00000014 r pcf_property_msb_header
00206494 00000028 r pcf_cmap_class
002064bc 00000060 R pcf_driver_class
0020651c 00000008 r pcf_service_bdf
00206524 00000018 r bdf_services
0020653c 00000020 r ddigits
0020655c 00000020 r hdigits
0020657c 00000080 r a2i
002065fc 00000001 r empty
00206600 00000028 r bdf_cmap_class
00206628 00000008 r nibble_mask
00206630 00000530 r _bdf_properties
00206b60 00000060 R bdf_driver_class
00206bc0 00000008 r bdf_service_bdf
00206bc8 00000030 r sfnt_services
00206bf8 00000044 r pclt_fields.7192
00206c3c 00000014 r name_table_fields.7146
00206c50 0000001c r name_record_fields.7147
00206c6c 0000002c r post_fields.7187
00206c98 00000010 r maxp_fields.7131
00206ca8 0000003c r maxp_fields_extra.7132
00206ce4 0000004c r metrics_header_fields.7241
00206d30 00000028 r tt_cmap_classes
00206d58 00000084 r tt_encodings.8539
00206ddc 00000018 r offset_table_fields.7084
00206df4 00000018 r table_dir_entry_fields.7067
00206e0c 000000b0 r os2_fields.7176
00206ebc 00000010 r os2_fields_extra1.7177
00206ecc 0000001c r os2_fields_extra2.7178
00206ee8 00000010 r os2_fields_extra5.7179
00206ef8 0000003c r woff_header_fields.8573
00206f34 00000010 r ttc_header_fields.8606
00206f44 00000054 r header_fields.7115
00206f98 00000024 R sfnt_module_class
00206fbc 00000078 r sfnt_interface
00207034 00000008 r sfnt_service_bdf
0020703c 00000004 r tt_service_get_cmap_info
00207040 00000004 r sfnt_service_ps_name
00207044 00000008 r sfnt_service_glyph_dict
0020704c 0000000c r sfnt_service_sfnt_table
00207058 00000034 R tt_cmap14_class_rec
0020708c 00000034 R tt_cmap13_class_rec
002070c0 00000034 R tt_cmap12_class_rec
002070f4 00000034 R tt_cmap10_class_rec
00207128 00000034 R tt_cmap8_class_rec
0020715c 00000034 R tt_cmap6_class_rec
00207190 00000034 R tt_cmap4_class_rec
002071c4 00000034 R tt_cmap2_class_rec
002071f8 00000034 R tt_cmap0_class_rec
0020722c 00000100 r af_warper_weights
0020732c 000000d4 R af_style_classes
00207400 00000014 R af_writing_system_classes
00207414 00000010 r af_services
00207424 00000068 R af_script_classes
0020748c 00000110 R af_blue_stringsets
0020759c 00000410 R af_blue_strings
002079ac 00000005 R af_arab_dflt_style_class
002079b4 00000024 R autofit_module_class
002079d8 00000010 R af_autofitter_interface
002079e8 00000008 r af_service_properties
002079f0 0000001c R af_indic_writing_system_class
00207a0c 0000001c R af_cjk_writing_system_class
00207a28 0000001c R af_latin_writing_system_class
00207a44 0000001c R af_dummy_writing_system_class
00207a60 00000018 R af_hani_nonbase_uniranges
00207a78 000000f8 R af_hani_uniranges
00207b70 00000050 R af_tibt_nonbase_uniranges
00207bc0 00000010 R af_tibt_uniranges
00207bd0 00000020 R af_taml_nonbase_uniranges
00207bf0 00000010 R af_taml_uniranges
00207c00 00000028 R af_sylo_nonbase_uniranges
00207c28 00000010 R af_sylo_uniranges
00207c38 00000018 R af_sund_nonbase_uniranges
00207c50 00000018 R af_sund_uniranges
00207c68 00000018 R af_sinh_nonbase_uniranges
00207c80 00000010 R af_sinh_uniranges
00207c90 00000038 R af_orya_nonbase_uniranges
00207cc8 00000010 R af_orya_uniranges
00207cd8 00000020 R af_mlym_nonbase_uniranges
00207cf8 00000010 R af_mlym_uniranges
00207d08 00000020 R af_limb_nonbase_uniranges
00207d28 00000010 R af_limb_uniranges
00207d38 00000038 R af_knda_nonbase_uniranges
00207d70 00000010 R af_knda_uniranges
00207d80 00000030 R af_guru_nonbase_uniranges
00207db0 00000010 R af_guru_uniranges
00207dc0 00000030 R af_gujr_nonbase_uniranges
00207df0 00000010 R af_gujr_uniranges
00207e00 00000030 R af_beng_nonbase_uniranges
00207e30 00000010 R af_beng_uniranges
00207e40 00000020 R af_thai_nonbase_uniranges
00207e60 00000010 R af_thai_uniranges
00207e70 00000028 R af_telu_nonbase_uniranges
00207e98 00000010 R af_telu_uniranges
00207ea8 00000008 R af_none_nonbase_uniranges
00207eb0 00000008 R af_none_uniranges
00207eb8 00000008 R af_latp_nonbase_uniranges
00207ec0 00000070 R af_latp_uniranges
00207f30 00000008 R af_latb_nonbase_uniranges
00207f38 00000020 R af_latb_uniranges
00207f58 00000088 R af_latn_nonbase_uniranges
00207fe0 00000108 R af_latn_uniranges
002080e8 00000020 R af_lao_nonbase_uniranges
00208108 00000010 R af_lao_uniranges
00208118 00000030 R af_hebr_nonbase_uniranges
00208148 00000018 R af_hebr_uniranges
00208160 00000040 R af_grek_nonbase_uniranges
002081a0 00000018 R af_grek_uniranges
002081b8 00000040 R af_deva_nonbase_uniranges
002081f8 00000038 R af_deva_uniranges
00208230 00000028 R af_cyrl_nonbase_uniranges
00208258 00000028 R af_cyrl_uniranges
00208280 00000098 R af_arab_nonbase_uniranges
00208318 00000038 R af_arab_uniranges
00208350 00000005 R af_hani_dflt_style_class
00208358 00000005 R af_tibt_dflt_style_class
00208360 00000005 R af_taml_dflt_style_class
00208368 00000005 R af_sylo_dflt_style_class
00208370 00000005 R af_sund_dflt_style_class
00208378 00000005 R af_sinh_dflt_style_class
00208380 00000005 R af_orya_dflt_style_class
00208388 00000005 R af_mlym_dflt_style_class
00208390 00000005 R af_limb_dflt_style_class
00208398 00000005 R af_knda_dflt_style_class
002083a0 00000005 R af_guru_dflt_style_class
002083a8 00000005 R af_gujr_dflt_style_class
002083b0 00000005 R af_beng_dflt_style_class
002083b8 00000005 R af_thai_dflt_style_class
002083c0 00000005 R af_telu_dflt_style_class
002083c8 00000005 R af_none_dflt_style_class
002083d0 00000005 R af_latp_dflt_style_class
002083d8 00000005 R af_latb_dflt_style_class
002083e0 00000005 R af_latn_dflt_style_class
002083e8 00000005 R af_latn_titl_style_class
002083f0 00000005 R af_latn_sups_style_class
002083f8 00000005 R af_latn_subs_style_class
00208400 00000005 R af_latn_smcp_style_class
00208408 00000005 R af_latn_sinf_style_class
00208410 00000005 R af_latn_pcap_style_class
00208418 00000005 R af_latn_ordn_style_class
00208420 00000005 R af_latn_c2sc_style_class
00208428 00000005 R af_latn_c2cp_style_class
00208430 00000005 R af_lao_dflt_style_class
00208438 00000005 R af_hebr_dflt_style_class
00208440 00000005 R af_grek_dflt_style_class
00208448 00000005 R af_grek_titl_style_class
00208450 00000005 R af_grek_sups_style_class
00208458 00000005 R af_grek_subs_style_class
00208460 00000005 R af_grek_smcp_style_class
00208468 00000005 R af_grek_sinf_style_class
00208470 00000005 R af_grek_pcap_style_class
00208478 00000005 R af_grek_ordn_style_class
00208480 00000005 R af_grek_c2sc_style_class
00208488 00000005 R af_grek_c2cp_style_class
00208490 00000005 R af_deva_dflt_style_class
00208498 00000005 R af_cyrl_dflt_style_class
002084a0 00000005 R af_cyrl_titl_style_class
002084a8 00000005 R af_cyrl_sups_style_class
002084b0 00000005 R af_cyrl_subs_style_class
002084b8 00000005 R af_cyrl_smcp_style_class
002084c0 00000005 R af_cyrl_sinf_style_class
002084c8 00000005 R af_cyrl_pcap_style_class
002084d0 00000005 R af_cyrl_ordn_style_class
002084d8 00000005 R af_cyrl_c2sc_style_class
002084e0 00000005 R af_cyrl_c2cp_style_class
002084e8 00000018 R af_hani_script_class
00208500 00000018 R af_tibt_script_class
00208518 00000018 R af_taml_script_class
00208530 00000018 R af_sylo_script_class
00208548 00000018 R af_sund_script_class
00208560 00000018 R af_sinh_script_class
00208578 00000018 R af_orya_script_class
00208590 00000018 R af_mlym_script_class
002085a8 00000018 R af_limb_script_class
002085c0 00000018 R af_knda_script_class
002085d8 00000018 R af_guru_script_class
002085f0 00000018 R af_gujr_script_class
00208608 00000018 R af_beng_script_class
00208620 00000018 R af_thai_script_class
00208638 00000018 R af_telu_script_class
00208650 00000018 R af_none_script_class
00208668 00000018 R af_latp_script_class
00208680 00000018 R af_latb_script_class
00208698 00000018 R af_latn_script_class
002086b0 00000018 R af_lao_script_class
002086c8 00000018 R af_hebr_script_class
002086e0 00000018 R af_grek_script_class
002086f8 00000018 R af_deva_script_class
00208710 00000018 R af_cyrl_script_class
00208728 00000018 R af_arab_script_class
00208740 00000024 R pshinter_module_class
00208764 0000000c r pshinter_interface
00208770 0000003c R ft_raster1_renderer_class
002087ac 00000018 R ft_standard_raster
002087c4 00000018 r func_interface
002087dc 0000003c R ft_smooth_lcdv_renderer_class
00208818 0000003c R ft_smooth_lcd_renderer_class
00208854 0000003c R ft_smooth_renderer_class
00208890 00000018 R ft_grays_raster
002088a8 00000014 r ftc_face_list_class
002088bc 00000014 r ftc_size_list_class
002088d0 00000020 r ftc_cmap_cache_class
002088f0 00000024 r ftc_basic_image_cache_class
00208914 00000024 r ftc_basic_sbit_cache_class
00208938 0000001c r ftc_basic_sbit_family_class
00208954 00000018 r ftc_basic_image_family_class
0020896c 00000034 R ps_parser_funcs
002089a0 00000080 r ft_char_table
00208a20 00000010 R ps_table_funcs
00208a30 00000020 R t1_builder_funcs
00208a50 0000000c R t1_decoder_funcs
00208a5c 0000006c r t1_args_count
00208ac8 00000128 r afm_key_table
00208bf0 00000028 R t1_cmap_unicode_class_rec
00208c18 00000028 R t1_cmap_custom_class_rec
00208c40 00000028 R t1_cmap_expert_class_rec
00208c68 00000028 R t1_cmap_standard_class_rec
00208c90 00000024 R psaux_module_class
00208cb4 0000001c r psaux_interface
00208cd0 00000010 R t1_cmap_classes
00208ce0 0000000c R afm_parser_funcs
00208cec 00000e70 r ft_standard_glyph_names
00209b5c 00000204 r ft_mac_names
00209d60 0000030e r ft_sid_names
0020a070 00000010 r pscmaps_services
0020a080 0000dabd r ft_adobe_glyph_list
00217b40 00000055 r ft_extra_glyph_names
00217b98 00000024 R psnames_module_class
00217bbc 00000020 r pscmaps_interface
00217bdc 00000200 r t1_expert_encoding
00217ddc 00000200 r t1_standard_encoding
00217fdc 00000020 R ft_outline_glyph_class
00217ffc 00000020 R ft_bitmap_glyph_class
0021801c 00000800 r lenfix.5550
0021881c 00000080 r distfix.5551
0021889c 00000026 r order.5579
002188c4 00000040 r dext.5465
00218904 00000040 r dbase.5464
00218944 0000003e r lext.5463
00218984 0000003e r lbase.5462
002189c4 0000002f R inflate_copyright
002189f4 00000028 R z_errmsg
00218a1c 00002000 r crc_table
0021aa1c 00000030 r CSWTCH.23
0021aa4c R shader_vsh_shbin
0021ab30 R shader_vsh_shbin_end
0021ab30 R shader_vsh_shbin_size
0021ab34 00000014 r CSWTCH.21
0021ab48 0000002c r CSWTCH.17
0021ab74 0000001c r __NVer_tidlow_regionarray
0021ab90 0000001c r __CVer_tidlow_regionarray
0021abdc 00000004 R GPU_FORMATSIZE
0021abe0 00000006 R GPU_TEVID
0021abf0 00000024 r CSWTCH.14
0021ac14 0000000c r __apt_servicenames
0021ac20 00000030 r error_table
0021ac50 00000068 R dotab_stdnull
0021acb8 00000003 R DIRECTORY_PARENT
0021acbc 00000002 R DIRECTORY_THIS
0021acc0 00000002 R DIRECTORY_SEPARATOR
0021bea8 00000080 r npio2_hw
0021bf28 00000318 r two_over_pi
0021c240 0000000c r init_jk
0021c24c 0000002c r PIo2
0021c278 00000004 R _global_impure_ptr
0021c27c 00000010 r zeroes.7037
0021c2cc r .LC2
0021c2d0 00000010 r blanks.7036
0021c2e0 00000101 R _ctype_
0021c50c 0000001c r categories
0021c528 00000048 r JIS_state_table
0021c570 00000048 r JIS_action_table
0021c5b8 0000000c r p05.5298
0021c5c8 000000c8 R __mprec_tens
0021c690 00000028 R __mprec_bigtens
0021c6b8 00000028 R __mprec_tinytens
0021c6e0 0000006c R __state_table
0021c74c 00000010 r blanks.7015
0021c75c 00000100 R __chclass
0021c85c 0000006c R __action_table
0021c8c8 00000010 r zeroes.7016
0021c8d8 00000040 r zeroes.6918
0021c918 00000040 r blanks.6917
0021ca4c R __exidx_end
0021ca4c R __exidx_start
0021d000 D __dso_handle
0021d004 00000004 d projection_desc
0021d008 00000004 d vblank_wait
0021d00c 00000004 d clear_color
0021d010 00000001 d topFormat
0021d011 00000001 d botFormat
0021d014 00000008 d doubleBuf
0021d01c 00000068 d romFS_devoptab
0021d084 00000004 D gpuResetSequenceLength
0021d088 00000538 D gpuResetSequence
0021d5c0 W __stacksize__
0021d5c4 00001001 d __cwd
0021e5c8 00000018 d sdmcArchive
0021e5e0 00000068 d sdmc_devoptab
0021e648 00000004 d defaultDevice
0021e64c 00000040 D devoptab_list
0021e68c 00001000 d _current_working_directory
0021f68c 0000000c d __stdin_handle
0021f698 0000000c d __stdout_handle
0021f6a4 0000000c d __stderr_handle
0021f6b0 00001000 d handles
002206b0 00000428 d impure_data
00220ad8 00000004 D _impure_ptr
00220adc 00000408 D __malloc_av_
00220ee4 00000004 D __malloc_trim_threshold
00220ee8 00000004 D __malloc_sbrk_base
00220eec 00000004 D __wctomb
00220ef0 00000004 D __ctype_ptr__
00220ef4 00000020 d lc_message_charset
00220f14 00000038 d lconv
00220f4c 000000e0 d current_categories
0022102c 00000020 d lc_ctype_charset
0022104c 00000020 D __default_locale
0022106c 00000004 D __mb_cur_max
00221070 00000004 D __mbtowc
00221074 00000004 D environ
00221078 d __EH_FRAME_BEGIN__
002210e8 d __FRAME_END__
002210ec d __JCR_END__
002210ec d __JCR_LIST__
002210f0 t __frame_dummy_init_array_entry
002210f0 T __init_array_start
002210f0 T __preinit_array_end
002210f0 T __preinit_array_start
002210f0 D __TMC_END__
002210f0 d __TMC_LIST__
002210f4 t __do_global_dtors_aux_fini_array_entry
002210f4 T __fini_array_start
002210f4 T __init_array_end
002210f8 T __bss_start__
002210f8 T __fini_array_end
002210f8 b completed.8113
002210fc b object.8118
00221114 00000004 B player
00221118 00000004 B textHeight
0022111c 00000004 B textWidth
00221120 00000004 B room
00221124 00000004 b sftd_initialized
00221128 00000004 b ftlibrary
00221130 00000004 b gpu_cmd
00221134 00000004 b gpu_cmd_size
00221138 0000000c b shader
00221144 00000001 b cur_screen
00221148 00000040 b ortho_matrix_top
00221188 00000040 b ortho_matrix_bot
002211c8 00000004 b gpu_fb_addr
002211cc 00000004 b gpu_depth_fb_addr
002211d0 00000004 b pool_addr
002211d4 00000004 b pool_size
002211d8 00000004 b dvlb
002211dc 0000000c b apt_hook_cookie
002211e8 00000004 b current_fps
002211ec 00000004 b frames
002211f0 00000008 b last_time
002211f8 00000001 b cur_side
002211fc 00000004 b pool_index
00221200 00000004 b sf2d_initialized
00221208 00000008 b sLinearPool
00221210 0000000c b sAddrMap
0022121c 00000008 b sVramPool
00221224 0000000c b sAddrMap
00221230 00000001 b enable3d
00221234 00000004 B screenFree
00221238 00000002 b currentBuffer
0022123c 00000001 V __ctru_speedup
00221240 00000004 b romFS_offset
00221244 00000004 b romFS_file
00221248 00000028 b romFS_header
00221270 00000004 b dirHashTable
00221274 00000004 b dirTable
00221278 00000004 b fileHashTable
0022127c 00000004 b fileTable
00221280 00000004 b romFS_cwd
00221284 00000001 b romFS_active
00221288 00001001 b __component
0022228c 00002002 b __utf16path
00224290 00000004 b g_srv_handle
00224294 00000200 b zero.5378
00224494 00000200 b param.5377
00224694 00000004 b __apt_servicestr
00224698 00000004 B aptStatusEvent
0022469c 0000000c b aptFirstHook
002246a8 00000001 B aptStatus
002246ac 00000004 B aptStatusPower
002246b0 00000004 B aptSleepSync
002246b4 00000001 b aptInitialised
002246b6 00000002 b __apt_launchapplet_appID
002246b8 00000020 b __ns_capinfo
002246d8 00000001 B aptStatusBeforeSleep
002246dc 00000004 b __apt_launchapplet_parambuf
002246e0 00000004 b __apt_launchapplet_parambufsize
002246e4 00000004 b __apt_new3dsflag_initialized
002246e8 00000001 b __apt_new3dsflag
002246ec 00000004 b __apt_launchapplet_inhandle
002246f0 00000004 b CFGU_handle
002246f4 00000004 b csndHandle
002246f8 00000004 b csndMutex
002246fc 00000004 b csndSharedMemBlock
00224700 00000004 B csndSharedMem
00224704 00000004 B csndChannels
00224708 00000004 b csndCmdCurOff
0022470c 00000004 b csndCmdStartOff
00224710 00000001 b fsInitialised
00224714 00000004 b fsuHandle
00224718 00000004 b gspEvent
0022471c 00000004 b gspEventData
00224720 00000004 B gspGpuHandle
00224724 00000004 B gspLcdHandle
00224728 00000001 b hidInitialised
0022472c 00000004 b kOld
00224730 00000004 b kHeld
00224734 00000004 b cPos
00224738 00000004 b tPos
0022473c 00000006 b aVec
00224744 00000006 b gRate
0022474c 00000004 b kDown
00224750 00000004 b kUp
00224754 00000001 b irrstUsed
00224758 00000004 b kHeld
0022475c 00000004 b csPos
00224760 00000004 b ptmHandle
00224764 00000004 b ptmSysmHandle
00224768 b saved_stack
00224770 00000008 b sMappablePool
00224778 0000000c b sAddrMap
00224784 00002000 b tmp_buffer.6003
00226784 00001001 b __fixedpath
00227788 00002002 b __utf16path
0022978c 00002002 b __utf16path_old.6074
0022b78e 00000001 b sdmcInitialised
0022b790 00000004 b heap_start.5558
0022b794 00000004 B fake_heap_start
0022b798 00000004 B fake_heap_end
0022b79c 00001000 b temp_cwd
0022c79c 00000040 B __syscalls
0022c7dc 00000004 B __malloc_max_total_mem
0022c7e0 00000004 B __malloc_max_sbrked_mem
0022c7e4 00000004 B __malloc_top_pad
0022c7e8 00000028 B __malloc_current_mallinfo
0022c810 00000004 B _PathLocale
0022c814 00000004 B __nlocale_changed
0022c818 00000004 B __mlocale_changed
0022c81c 00000004 b lc_ctype_cjk_lang
0022c820 000000e0 b new_categories
0022c900 000000e7 b current_locale_string
0022c9e8 000000e0 b saved_categories
0022cac8 00000004 b initial_env
0022cacc 00000004 B buffer
0022cad0 00000004 B size
0022cad4 00000008 B gfxBottomFramebuffers
0022cadc 00000004 B gspSharedMemHandle
0022cae0 0000001c B bottomFramebufferInfo
0022cafc 00000004 B gspEvent
0022cb00 00000008 B gfxTopLeftFramebuffers
0022cb08 00000008 B gfxTopRightFramebuffers
0022cb10 0000001c B topFramebufferInfo
0022cb2c 00000001 B gfxThreadID
0022cb30 00000004 B gfxSharedMemory
0022cb34 00000004 B gpuCmdBuf
0022cb38 00000004 B gpuCmdBufOffset
0022cb3c 00000004 B gpuCmdBufSize
0022cb40 00000004 B aptEventHandlerThread
0022cb44 00001000 B aptParameters
0022db48 00001000 B aptEventHandlerStack
0022eb48 00000004 B aptuHandle
0022eb4c 0000000c B aptEvents
0022eb58 00000004 B aptStatusMutex
0022eb5c 00000004 B aptLockHandle
0022eb60 00000002 B currentAppId
0022eb64 00000004 B csndSharedMemSize
0022eb68 00000010 B csndOffsets
0022eb78 00001000 B gspEventStack
0022fb78 00000004 B gspEventThread
0022fb7c 0000001c B gspEventCounts
0022fb98 0000001c B gspEvents
0022fbb4 00000001 B gspRunEvents
0022fbb8 00000004 B gxCmdBuf
0022fbbc 00000004 B hidMemHandle
0022fbc0 00000004 B hidHandle
0022fbc4 00000004 B hidSharedMem
0022fbc8 00000014 B hidEvents
0022fbdc 00000004 B irrstHandle
0022fbe0 00000004 B irrstEvent
0022fbe4 00000004 B irrstMemHandle
0022fbe8 00000004 B irrstSharedMem
0022fbec 00000004 B __heapBase
0022fbf0 00000004 B __linear_heap
0022fbf4 00000004 B __system_argv
0022fbf8 00000004 B __system_argc
0022fbfc 00000004 B __system_retAddr
0022fc00 B __bss_end__
0022fc00 A __end__
